Indirect blocks:
               0 L2   1:167eb4000:2000 20000L/c00P F=44771 B=78/78 cksum=14a59e34a60:1ad4d903aff01:191e38ff2cb6471:28b1e6c089abd03d
               0  L1  0:357fac000:12000 20000L/aa00P F=1024 B=71/71 cksum=133e367ff83e:19c923867366687:e25036f3f7914c7f:ae81ffdbab920a28
               0   L0 0:317e3c000:30000 20000L/20000P F=1 B=71/71 cksum=198842a71bc3c92b:3eaa64452fe5fe79:b75babca1a07e1ab:9fec73a047034e85
           20000   L0 0:317e6c000:30000 20000L/20000P F=1 B=71/71 cksum=44891105186dd77e:6ea3d8a5abe7518b:6662bbf8314d4f45:5c67c1c874009152
           40000   L0 0:317e9c000:30000 20000L/20000P F=1 B=71/71 cksum=7e9ca693d02b7f5b:43a8d860d8ee63b:6cde6ec02cc64169:b8410ebd7e6dfc95
           60000   L0 0:317ecc000:30000 20000L/20000P F=1 B=71/71 cksum=9bb280680a96da22:5faf3c6bd03d54d2:f649275a8fb831a6:7e2391ad7ba5279c
           80000   L0 0:317efc000:30000 20000L/20000P F=1 B=71/71 cksum=61e1ab4480f0dddb:8c2ca685636a7956:15a1df98ae25c056:35c5b0a719c4fa92
           a0000   L0 0:317f2c000:30000 20000L/20000P F=1 B=71/71 cksum=32936b53bedc778b:de2b3e7c2ec2c047:6b325f55a5950514:15bbcd06a5127973
           c0000   L0 0:317f5c000:30000 20000L/20000P F=1 B=71/71 cksum=dd35329ef0a79b40:74021ac0e9bc6e69:3e7c6c4b7b444d48:d713cc7d2a02936f
           e0000   L0 0:317f8c000:30000 20000L/20000P F=1 B=71/71 cksum=8acde413cd70ac61:8fc92c2d99962d9f:2d5008dc950beee2:109ead813fdf2285
          100000   L0 0:317fbc000:30000 20000L/20000P F=1 B=71/71 cksum=bbd8f4be31657f4f:94f4a99837cf57d7:61b8b3c51e0e833:47fa6367bea95fdf
          120000   L0 0:317fec000:30000 20000L/20000P F=1 B=71/71 cksum=6d9af849f2c11c3:8e73a8faff9630d8:6c777d09482f0507:d3b57e5e02c1fe60
          140000   L0 0:31801c000:30000 20000L/20000P F=1 B=71/71 cksum=7c00b330ffd5b9e8:86b4f4a24d8480d7:24745b25ffdc3954:2ae1c3db5e8404ba
          160000   L0 0:31804c000:30000 20000L/20000P F=1 B=71/71 cksum=c26c9ed03e6699e4:b3cbd125f7e0f460:6cd747d225923ddb:53b935f56deb6f72
          180000   L0 0:31807c000:30000 20000L/20000P F=1 B=71/71 cksum=d830f90c0a91872:19a77c382a76cd03:6b79a6227c954f23:2601a5b7d56c1fb0
          1a0000   L0 0:3180ac000:30000 20000L/20000P F=1 B=71/71 cksum=d03b5120f3ddfd5f:39f0bcb449a9052a:10866bd50cb7e1e5:93070e6570bdc9c6
          1c0000   L0 0:3180dc000:30000 20000L/20000P F=1 B=71/71 cksum=1c805b1d455ae436:9cc6a98a4ccc40ed:f826420263a357ca:e0ff675b2399eacd
          1e0000   L0 0:31810c000:30000 20000L/20000P F=1 B=71/71 cksum=2dac12854c05a516:623d8dc3921c09f1:c2fbd6c0836a4316:4c5cb33b91d7ec0b
          200000   L0 0:31813c000:30000 20000L/20000P F=1 B=71/71 cksum=504df5a4ccb1c00a:60095f61ec7ba092:35e43c0e66dae773:722a6c01bf583a16
          220000   L0 0:31816c000:30000 20000L/20000P F=1 B=71/71 cksum=cbc470c4c00bc96f:9df105e3c741357a:d5f12b78f70ac6a7:646ddc8750be7bb4
          240000   L0 0:31819c000:30000 20000L/20000P F=1 B=71/71 cksum=2b4633d8a1c56e95:3c04142087bc0316:1addc3eba3176fb3:563c0ed5f6533da1
          260000   L0 0:3181cc000:30000 20000L/20000P F=1 B=71/71 cksum=5a88f17fa922f89f:2511a5259d1efa2e:2132e24c9d10c8b1:77169e94dbebadb9
          280000   L0 0:3181fc000:30000 20000L/20000P F=1 B=71/71 cksum=ad1d904137946fc1:29cccab14d48dc9e:8341ae7cd9ce415a:b082843c7809fe4b
          2a0000   L0 0:31822c000:30000 20000L/20000P F=1 B=71/71 cksum=912ae9b618d46056:544ad7b1697ff342:a5318ec6227be6aa:b7ba7d82e0566ae3
          2c0000   L0 0:31825c000:30000 20000L/20000P F=1 B=71/71 cksum=238440e0d8d2015a:87f764af4da28c7e:2c89c32e200759d9:5f14cf40336a05bb
          2e0000   L0 0:31828c000:30000 20000L/20000P F=1 B=71/71 cksum=d6a9247b380b3547:bf63c0f70039893:4784d7cc157c57d2:7a5002a215b4d466
          300000   L0 0:3182bc000:30000 20000L/20000P F=1 B=71/71 cksum=d0a06e8b0543631f:c867481968696e28:9c2cb0a8a2a7f404:6397d2dedbb29c1b
          320000   L0 0:3182ec000:30000 20000L/20000P F=1 B=71/71 cksum=2db3ad11c845e130:e061a4ace096f082:d40a697aa25f9c84:a31c4beb5ca09d9
          340000   L0 0:31831c000:30000 20000L/20000P F=1 B=71/71 cksum=c14683b47c1ff1e0:47729208a91dfafb:27f9f7195f2508df:d1a607250207038e
          360000   L0 0:31834c000:30000 20000L/20000P F=1 B=71/71 cksum=44df11526a1b0842:11ab8235ccac4014:68310a43688a6e6d:7e5c4719e1cd0098
          380000   L0 0:31837c000:30000 20000L/20000P F=1 B=71/71 cksum=f1c94320f8cd2922:686f2620b6e166d3:d3f9210c8bd94622:df0415700fbff422
          3a0000   L0 0:3183ac000:30000 20000L/20000P F=1 B=71/71 cksum=25af431835f2b3e6:83ebf346fade3f75:e40c9bcabf16230e:e90468fa053f54a9
          3c0000   L0 0:3183dc000:30000 20000L/20000P F=1 B=71/71 cksum=86d19c06121937de:37b015f82bcf66b5:1993fadc9cef61d9:ca17ec98550ae7a7
          3e0000   L0 0:31840c000:30000 20000L/20000P F=1 B=71/71 cksum=36107a8ef7e4a11d:bf9704a1d35754b1:7f4683470cc7402:55314d938c9552b5
          400000   L0 0:31843c000:30000 20000L/20000P F=1 B=71/71 cksum=9691bbe82e6f99c3:28c9d7e9e19b5a98:c5cf99c835245b69:3a0054631766d1a8
          420000   L0 0:31846c000:30000 20000L/20000P F=1 B=71/71 cksum=9354e0c521e6747b:f1ff2aba95fb2b14:f49583d2742fd64f:5631ee9cd4d91fcf
          440000   L0 0:31849c000:30000 20000L/20000P F=1 B=71/71 cksum=c7b922a84056d36c:50142a8849c33e2d:fd24c59cabd0706c:340efde6dd7321ca
          460000   L0 0:3184cc000:30000 20000L/20000P F=1 B=71/71 cksum=38aa405f9e5caad0:c4923607f26cf48e:c7dbdd4aa0417581:4663dd2d13eab36b
          480000   L0 0:3184fc000:30000 20000L/20000P F=1 B=71/71 cksum=46e56edb6de88f8f:95a45e93287802e0:c743796beabb7b09:b2ac9469981ea52b
          4a0000   L0 0:31852c000:30000 20000L/20000P F=1 B=71/71 cksum=9dbb632ba7d1bdcc:1f6e4cf65725f5e1:aceb61165d132805:6741716699cf86a2
          4c0000   L0 0:31855c000:30000 20000L/20000P F=1 B=71/71 cksum=62bfde1c35be2a9f:98f3903701dc92b4:a6afd6f8e893002d:29569a85c1ccd07c
          4e0000   L0 0:31858c000:30000 20000L/20000P F=1 B=71/71 cksum=8a4b55c860a4adcd:4d0357b5d519cdd6:4810efc835ef7424:e083f56c24e9b306
          500000   L0 0:3185bc000:30000 20000L/20000P F=1 B=71/71 cksum=da2eedfe3c9b0304:79cbfb142610f373:557bf764d9c2a041:d58e19b4408dd4ce
          520000   L0 0:3185ec000:30000 20000L/20000P F=1 B=71/71 cksum=46bb7fff54c20666:d2b3124b9a9c449b:7e5746422c4900a4:1e44cd6c069fdbf3
          540000   L0 1:d862e000:30000 20000L/20000P F=1 B=71/71 cksum=e8030ed94bd557f6:89da2358c69e38bc:32ef19a5129ee65c:f6347a191e598d48
          560000   L0 1:d865e000:30000 20000L/20000P F=1 B=71/71 cksum=7e08f443fb7ab577:dc91cbc25c8ece0c:187f85eb99e4bbee:c80e18802125a771
          580000   L0 0:31861c000:30000 20000L/20000P F=1 B=71/71 cksum=d19d7c760ce81e49:ac821f852e65091c:75cefa653867ac83:8f86e06129fa798e
          5a0000   L0 0:31864c000:30000 20000L/20000P F=1 B=71/71 cksum=8e2b21d4cce5d50b:7d0115c3e44f9040:e82578b8e143eb71:fbe73270c1a65192
          5c0000   L0 1:d868e000:30000 20000L/20000P F=1 B=71/71 cksum=982de2bc377f6447:fce57a8c5a1c01fb:6df6d933b0881cd:ecabcf000009e982
          5e0000   L0 1:d86be000:30000 20000L/20000P F=1 B=71/71 cksum=a0213b221d6d6c55:a6b263989d9a57d6:5f83c5e2ede6846b:a62655d30737746a
          600000   L0 1:d86ee000:30000 20000L/20000P F=1 B=71/71 cksum=b2f2497488b3dcf1:bcb307be82d26e52:9b8694b78a03980:d601252d1831a99
          620000   L0 1:d871e000:30000 20000L/20000P F=1 B=71/71 cksum=d2ead95d5f2b2aea:48260f82d7d4681f:2d22f9dce817cb1a:82c13c22b4133f47
          640000   L0 0:31867c000:30000 20000L/20000P F=1 B=71/71 cksum=80555b1a73228d75:fce408a371766b7:1efd981e91ceae13:4f6bd56f136696c1
          660000   L0 0:3186ac000:30000 20000L/20000P F=1 B=71/71 cksum=6a0b6b1496161c37:280f93c236bcb841:5c708bc20606f769:fd9d69991d812f93
          680000   L0 0:3186dc000:30000 20000L/20000P F=1 B=71/71 cksum=877019a2c084212b:37f8260f0f8a84ba:1d3c81bab7e00299:10c1817becb35491
          6a0000   L0 0:31870c000:30000 20000L/20000P F=1 B=71/71 cksum=ba3301daffb9832:6a37f4f71ddb4f2a:71fae5e2d9f393f8:d311b4f8342edafc
          6c0000   L0 1:d874e000:30000 20000L/20000P F=1 B=71/71 cksum=d55be2035c7375d6:67d609d01c4d8a00:621d85b155eb8666:4c60d84021581789
          6e0000   L0 1:d877e000:30000 20000L/20000P F=1 B=71/71 cksum=8508d42a0638e61c:9eae9cbcc39d7ffb:2e6ad334a32f3bed:fb9afb20f9e7f656
          700000   L0 0:31873c000:30000 20000L/20000P F=1 B=71/71 cksum=74f06f0e18f5e603:21c604531b6fdb7a:3aee870391639df8:efbac09154bf39fe
          720000   L0 0:31876c000:30000 20000L/20000P F=1 B=71/71 cksum=73379024a2445ffc:a5df30e05042b96:fdc9e5924172e271:f77c6e7c3650d200
          740000   L0 0:31879c000:30000 20000L/20000P F=1 B=71/71 cksum=6e8a15b94f6ab665:37e172a02a18a57e:6db60d330e6b2f40:582a299eb630ed8b
          760000   L0 0:3187cc000:30000 20000L/20000P F=1 B=71/71 cksum=4077f6e074ce9c07:a76cccc346601403:2a807e93cdc096:a2ae1379d5a23b37
          780000   L0 0:3187fc000:30000 20000L/20000P F=1 B=71/71 cksum=c6d0b745cb0bc007:336afb21d04f61dd:31ee7a9bdb629de8:955838be542ac5f4
          7a0000   L0 0:31882c000:30000 20000L/20000P F=1 B=71/71 cksum=8931cc3198479fc4:31f489b1b231a673:cba70f73ee555802:efb4994afea1a8ec
          7c0000   L0 0:31885c000:30000 20000L/20000P F=1 B=71/71 cksum=f44d9aa86a272cac:e6ee83edf1786468:cacd1e6962584b48:3574605bcc6212f4
          7e0000   L0 0:31888c000:30000 20000L/20000P F=1 B=71/71 cksum=a1dd21dca75b9fc7:a5edc8fcb69eb4fb:a0326caf4a9f4921:4b9d47643a993ce7
          800000   L0 0:3188bc000:30000 20000L/20000P F=1 B=71/71 cksum=bea50f14a633cad6:e3df648eb8147c3a:c4b556c83735ef6d:d928439a53d6d761
          820000   L0 0:3188ec000:30000 20000L/20000P F=1 B=71/71 cksum=30282049565bbcf6:fb5c13f143338436:f5fd9e2df3bebae5:41758e26113365aa
          840000   L0 0:31891c000:30000 20000L/20000P F=1 B=71/71 cksum=4548adaa204b387c:8648060e2411677c:847d918ca8cb2f6d:858356de4bb3330a
          860000   L0 0:31894c000:30000 20000L/20000P F=1 B=71/71 cksum=95b08cb350b2ad:45e2f042ca744a53:f43031ca72ea2524:6b2fd175d18313ac
          880000   L0 1:d87ae000:30000 20000L/20000P F=1 B=71/71 cksum=8bb42922172e59f8:e1b6d9a56f9eff62:257d6bb4df807e99:47c00faf42acbd67
          8a0000   L0 1:d87de000:30000 20000L/20000P F=1 B=71/71 cksum=22199c451884e53:83bd1442084e683b:2311064a2568571c:6f3bd5e5392021c5
          8c0000   L0 0:3189ac000:30000 20000L/20000P F=1 B=71/71 cksum=6a902104986bf3d3:e53d49082a693f80:ae8873e2625546fe:5df4d2e6bb6216d9
          8e0000   L0 0:31897c000:30000 20000L/20000P F=1 B=71/71 cksum=d9b89ba292c22da7:d638fa8e24d3457a:1738e9ebcefbf5af:705db1468ec1f4a
          900000   L0 0:3189dc000:30000 20000L/20000P F=1 B=71/71 cksum=2b1d4c804d674d8b:9f87278a60af7eaa:e8f78de99f470a2d:e190dce444850fe2
          920000   L0 0:318a0c000:30000 20000L/20000P F=1 B=71/71 cksum=530f781fb445c6eb:b609992b14299fa3:15302cccbf26759b:fa15b2e7da635b56
          940000   L0 0:318a6c000:30000 20000L/20000P F=1 B=71/71 cksum=1977888f9b241b6d:957b74fd0968dbe9:4fcc62b162cb2a8f:377d7cfcecb8412
          960000   L0 0:318a3c000:30000 20000L/20000P F=1 B=71/71 cksum=1e27f915e794fbb:b088ece7ff790f62:c58fb1b357b39c76:1969fe99e59ac314
          980000   L0 0:318a9c000:30000 20000L/20000P F=1 B=71/71 cksum=b5f8e632c6d0230f:739d26bcb25d8620:b4f1e18bb729ab6c:fa0ae4b6e1ee3e12
          9a0000   L0 0:318acc000:30000 20000L/20000P F=1 B=71/71 cksum=203eb2dfe84172b4:aa3881b7b7895c99:ee5729ef5b94f08d:816bdab45bd1bcb5
          9c0000   L0 0:318afc000:30000 20000L/20000P F=1 B=71/71 cksum=f36a8b95ccaf8689:5a02ddb9ed3ef4a2:b0b5ac6185c1e499:83bd025299d6e0e0
          9e0000   L0 0:318b2c000:30000 20000L/20000P F=1 B=71/71 cksum=83bac6c3881d851d:9e345d3ef88e4b71:76b25d4733d2941d:18cdb69468a2890b
          a00000   L0 0:318b5c000:30000 20000L/20000P F=1 B=71/71 cksum=d2c11adc6c615a95:293d9a346d7174fb:f19efdf2adf5e002:d79844dd32cde351
          a20000   L0 0:318b8c000:30000 20000L/20000P F=1 B=71/71 cksum=9ef8aa60816e7db7:a7e6b0e76f96af31:c42385f2c79de9be:ffc8667b72b1caa9
          a40000   L0 0:318bbc000:30000 20000L/20000P F=1 B=71/71 cksum=f177f0a369d9e50c:9c4197d3d1240427:873b0827c6f099fe:bec4dd5494ae2fd0
          a60000   L0 1:d880e000:30000 20000L/20000P F=1 B=71/71 cksum=4f7eedac491b484b:f567906fef18470:d3fc36b754ae5b90:87eb45789ff2a937
          a80000   L0 1:d883e000:30000 20000L/20000P F=1 B=71/71 cksum=a7dcdd1af58b364e:aac1ff3821ac1952:a80021b0b9bebe34:75a1309f3d2a7694
          aa0000   L0 1:d886e000:30000 20000L/20000P F=1 B=71/71 cksum=83a8edb1b4f0d460:ab6ea96ff5df2a5b:7ad7e0778eb70410:ba7c258e1d39e14
          ac0000   L0 1:d889e000:30000 20000L/20000P F=1 B=71/71 cksum=6126968cec7fdec3:5d049c6914f35c21:7b87f3f28fec77f3:e943d4e9590d275e
          ae0000   L0 0:318bec000:30000 20000L/20000P F=1 B=71/71 cksum=483ff03f4bd7b6b6:fc271a7e92ebc713:ae3708a8c4c53099:acda8d4dcd3e3ac6
          b00000   L0 0:318c1c000:30000 20000L/20000P F=1 B=71/71 cksum=fc2f16c42c8bccd9:167fefea5a81f1d1:2a2675fb8fc3ff90:69cea01377fb5910
          b20000   L0 0:318c4c000:30000 20000L/20000P F=1 B=71/71 cksum=297588caa49fe58c:fceebb6681bbfd01:79427a3d121a4d3a:4660de10d39b49a
          b40000   L0 0:318c7c000:30000 20000L/20000P F=1 B=71/71 cksum=bc6276c39d04545f:e2a8d9854b7ea441:ce855ab85d4def4d:def4e33f0a592a6
          b60000   L0 0:318cac000:30000 20000L/20000P F=1 B=71/71 cksum=3f1cb2e88b743206:681f6b75abd24a0c:6c9cb6f44c9b03:f2c5fbd36d654450
          b80000   L0 0:318cdc000:30000 20000L/20000P F=1 B=71/71 cksum=6fb55656c47903b7:a58a91668b08580b:716db7994a30d049:96914943c8598341
          ba0000   L0 0:318d0c000:30000 20000L/20000P F=1 B=71/71 cksum=28303f1a37cf7e6d:3fc51d2aca0db12e:39e71677c95a2c69:a73e7d992028fea0
          bc0000   L0 0:318d3c000:30000 20000L/20000P F=1 B=71/71 cksum=162f10784c6da662:d20328c8e314dd4b:518fe272f9e2ed00:117a2d92de7de80
          be0000   L0 1:d88ce000:30000 20000L/20000P F=1 B=71/71 cksum=736a8dd4c8c5720a:83f5a2d20e0f16ce:19a4aaad88edcf51:d90d6a9e4deb3b95
          c00000   L0 1:d88fe000:30000 20000L/20000P F=1 B=71/71 cksum=67f904fbfd5386ea:c4ca2663fa13827f:5070cfccbc394869:e50a875ef3dda964
          c20000   L0 0:318d6c000:30000 20000L/20000P F=1 B=71/71 cksum=5a60fdad306527c9:15a4fb3feb02f76b:79301677e887cdef:e2730f9b26d5e7cb
          c40000   L0 0:318d9c000:30000 20000L/20000P F=1 B=71/71 cksum=168cab81086c9212:cbc9cea180f53111:7ca29ac7e0636643:6646fdc305e7b164
          c60000   L0 0:318dcc000:30000 20000L/20000P F=1 B=71/71 cksum=4ce020a64e07b876:4d6dd3a727e365dd:1d0c3b4201e2e033:9c2c125c9e1dc985
          c80000   L0 0:318dfc000:30000 20000L/20000P F=1 B=71/71 cksum=d45133c46d5e2703:2ebe4f8f0aa75f8b:3c38afae6fea978e:eedf3e1d804a23af
          ca0000   L0 0:318e2c000:30000 20000L/20000P F=1 B=71/71 cksum=294c44edcefcc5e2:8e08b150ec435081:8b78f46632082180:c2567d83d9199e00
          cc0000   L0 0:318e5c000:30000 20000L/20000P F=1 B=71/71 cksum=ef9fed889c26e485:e71237075a6ea3b3:9986afeeb102f591:b7384c21d78f35cc
          ce0000   L0 1:d892e000:30000 20000L/20000P F=1 B=71/71 cksum=3d77471dde322693:530825e470360803:60fe2d784d5148bf:3d6410afbfa42f21
          d00000   L0 1:d895e000:30000 20000L/20000P F=1 B=71/71 cksum=a6599f9bc0fa3949:2d1433ea3999628c:2963a33ac70a8463:7e67719655c13e66
          d20000   L0 0:318e8c000:30000 20000L/20000P F=1 B=71/71 cksum=509c86a992aa6d1d:15ea5cee61768b65:effe458c6827d8f9:dec587ec1b8417d7
          d40000   L0 0:318ebc000:30000 20000L/20000P F=1 B=71/71 cksum=52f2681467f1b544:9ee1e789e9946025:cea6fbeaf1dd2855:f62d2f7f0322bd6
          d60000   L0 0:318eec000:30000 20000L/20000P F=1 B=71/71 cksum=9863f6271b2c7b3c:cfea1311fe6e1df5:9449ae82ec1d330a:b34383af303856f9
          d80000   L0 0:318f1c000:30000 20000L/20000P F=1 B=71/71 cksum=50212d5c5f6f26e0:efa4d1bcb30b1c3c:ff4417d5fb99ac4c:dd06514ac5cb904d
          da0000   L0 0:318f4c000:30000 20000L/20000P F=1 B=71/71 cksum=3ed0f5da361a0e34:41c6cd092f063523:121f07d45934cfe2:b654dcaa17e0a061
          dc0000   L0 0:318f7c000:30000 20000L/20000P F=1 B=71/71 cksum=9e0ef11e087cc854:7cccb3b2ca3f1c7c:efb32a04f8d9b8f0:de793eae498bbafc
          de0000   L0 0:318fac000:30000 20000L/20000P F=1 B=71/71 cksum=600cf740fe602f9e:cff183c52237aea8:344228f465f5863b:7e47e00855c150c0
          e00000   L0 0:318fdc000:30000 20000L/20000P F=1 B=71/71 cksum=375ac8a47848c44:c2610a4cb75fc49f:7e9bd72eaccc1bf4:9340eb9e7659112
          e20000   L0 0:31900c000:30000 20000L/20000P F=1 B=71/71 cksum=be5d0b1dc59e4e43:29639ccd7273142d:1ed2858bab9619f2:86c9d4fc457a5083
          e40000   L0 0:31903c000:30000 20000L/20000P F=1 B=71/71 cksum=ecd31e8c395458c5:d7d6b105449dac3f:bbd82e186acd48ba:3f5b6d52a1082f78
          e60000   L0 0:31906c000:30000 20000L/20000P F=1 B=71/71 cksum=f6f2a2cb868af162:3ad860711cac0388:3c723d1c214ccfd5:2bd55210faed7d79
          e80000   L0 0:31909c000:30000 20000L/20000P F=1 B=71/71 cksum=1581b69eb889657c:37fb8e771717ac73:dff5b8acf3797e21:f760016d4ee06743
          ea0000   L0 0:3190cc000:30000 20000L/20000P F=1 B=71/71 cksum=25f722369d907074:71bfb1e17db90262:b7871924f26e8e22:575cf39c60773972
          ec0000   L0 0:3190fc000:30000 20000L/20000P F=1 B=71/71 cksum=9d72c7495f27d031:eb9097c7f1b3c657:13cb86433a92fa6e:57f180d2f10a78ca
          ee0000   L0 0:31912c000:30000 20000L/20000P F=1 B=71/71 cksum=30d4ee8666efba58:feb4384f235c1f69:c49b5f97b13a6647:1c3428759bc981db
          f00000   L0 0:31915c000:30000 20000L/20000P F=1 B=71/71 cksum=ed18c75e22f23e82:71db51ebc994644f:b119e8a365ebb79e:5f47133b5edaed78
          f20000   L0 0:31918c000:30000 20000L/20000P F=1 B=71/71 cksum=fe65d6f45081cefd:67a573f8954b45b0:f5261516dc09a89f:c877c3c923741f18
          f40000   L0 0:3191bc000:30000 20000L/20000P F=1 B=71/71 cksum=e1fb8f93541d4a62:51506f2d05732113:8212f8bf92e08e22:398ce7519956b44e
          f60000   L0 0:3191ec000:30000 20000L/20000P F=1 B=71/71 cksum=3aea7d9211374ecd:2c0397a7d23611b6:347ec00a00575e7c:ebc9eb6c010488d7
          f80000   L0 0:31921c000:30000 20000L/20000P F=1 B=71/71 cksum=cb11fedc3c0940f0:2ae1d94ab026f066:912197d4a5dc53b1:99bf5c3cc06c3ca7
          fa0000   L0 0:31924c000:30000 20000L/20000P F=1 B=71/71 cksum=1778904c0bca7224:15fe20bacf40dabd:21481613a4fc5768:76aa01b8814a4252
          fc0000   L0 0:31927c000:30000 20000L/20000P F=1 B=71/71 cksum=c5c1cc630e50fae5:4f00af1dc8960ab8:3b61da479561a7b6:39a9754ecc11caa
          fe0000   L0 0:3192ac000:30000 20000L/20000P F=1 B=71/71 cksum=390fbe7433f21024:7f1d0944a88c673:c4c4f0be73cfccff:6219c9be2a7f59d1
         1000000   L0 0:3192dc000:30000 20000L/20000P F=1 B=71/71 cksum=13dcc019c1078461:2cc2ab44eb5f4daa:d57bafecb7fb308:db39ef31c3288746
         1020000   L0 1:d898e000:30000 20000L/20000P F=1 B=71/71 cksum=ef3db291dd863227:87e864930cc90892:72faaa215457adbf:fc658c6a78cdff95
         1040000   L0 1:d89be000:30000 20000L/20000P F=1 B=71/71 cksum=a04ca8f216b248b:6b33fe3c9da5e7c3:ca938e4b7686c1ee:504ba15c752d312b
         1060000   L0 0:31930c000:30000 20000L/20000P F=1 B=71/71 cksum=949f6609a209b279:1682895b9e09eaa3:1ed79d9a65f87bea:b672f7349a4de440
         1080000   L0 0:31933c000:30000 20000L/20000P F=1 B=71/71 cksum=952a5b2b9602483c:c4dd4b7c1a8132ec:5a3b6751c16cc37e:33ccf28a33034a25
         10a0000   L0 0:31936c000:30000 20000L/20000P F=1 B=71/71 cksum=1f263f73fb44997:a6a58de8234d9a27:9e266064ed1de970:4ac5d6e2ec142fed
         10c0000   L0 0:31939c000:30000 20000L/20000P F=1 B=71/71 cksum=3a0173238e062f6a:deb69119ae220b2e:e6e9177af2432fdf:f3f6e234e56e15e1
         10e0000   L0 1:d8a1e000:30000 20000L/20000P F=1 B=71/71 cksum=37173aad1563efe3:ccaa68db9332d3cb:25335b012961c431:1e1ee30c525127b2
         1100000   L0 1:d89ee000:30000 20000L/20000P F=1 B=71/71 cksum=82f9560603107c19:c28984ebf58ce996:6aba27098c250b1e:81530be04198289d
         1120000   L0 0:3193cc000:30000 20000L/20000P F=1 B=71/71 cksum=3dde695109a52cad:b1f6f30a401e4f1b:5eee193706ed95fe:f668d5909ed66e95
         1140000   L0 0:3193fc000:30000 20000L/20000P F=1 B=71/71 cksum=fc14f62eb1cb7607:553eec82ccef1a80:3d199b19fef0a946:9f8e9b04fc447cdb
         1160000   L0 0:31942c000:30000 20000L/20000P F=1 B=71/71 cksum=37f31f7b49376c4e:e9318205ddecbde9:d8e3a591f350f859:b208e19d9c2b1ba
         1180000   L0 0:31945c000:30000 20000L/20000P F=1 B=71/71 cksum=117cf5657030b092:7907c2a75557ffdf:8832d46336254126:5fc43319cbff95e6
         11a0000   L0 0:31948c000:30000 20000L/20000P F=1 B=71/71 cksum=7ac38e5bf40a18c6:80ce4769016640bf:dc7db4ac2cdc43bf:d9e6dfd0726ed00a
         11c0000   L0 0:3194bc000:30000 20000L/20000P F=1 B=71/71 cksum=37e1149bbf42a7e9:ac857380540ced95:79c749ac937e5056:911367f3ea285f56
         11e0000   L0 0:3194ec000:30000 20000L/20000P F=1 B=71/71 cksum=696c14c45a6e6d3a:2d816d3bd11f537e:4648ed45ab578dc:22b9dcc32d9efc6b
         1200000   L0 0:31951c000:30000 20000L/20000P F=1 B=71/71 cksum=77536eeaa0555dda:609b37cbf6cca26d:bd953958e0a9779b:4474092aee238612
         1220000   L0 1:d8a4e000:30000 20000L/20000P F=1 B=71/71 cksum=a067c6c22baf76f4:eddbc9a12b3fe11f:a0a802ec3d56bddc:33dadfa98aea900c
         1240000   L0 1:d8a7e000:30000 20000L/20000P F=1 B=71/71 cksum=91ad01c04304babc:23b03b9f061b531c:7665c991a09c8313:1ab74f0ffddfcaf8
         1260000   L0 0:31954c000:30000 20000L/20000P F=1 B=71/71 cksum=94b653a635ef8200:a3f8c41c781a5a6d:b807029dad979f0:5b4815b9ed97ae8a
         1280000   L0 0:31957c000:30000 20000L/20000P F=1 B=71/71 cksum=b0ccd1d73ff3587e:b5b9ad900da0051c:8c12c8429d517f42:761b090f1e7fb1c0
         12a0000   L0 0:3195ac000:30000 20000L/20000P F=1 B=71/71 cksum=ad3ec2c4f94e3138:5823aee16bdfd2cf:a3e0d81c4406aad9:12bfc33ba1cef6fb
         12c0000   L0 0:3195dc000:30000 20000L/20000P F=1 B=71/71 cksum=5a6b6f5b061373a7:3ae2114a8151347f:cb566014b2b054b:4b6c5fe09d959dde
         12e0000   L0 0:31960c000:30000 20000L/20000P F=1 B=71/71 cksum=555e7213aaf5f966:4bac43511e1fb32:6b0d3368d024bce8:3c19802487016b60
         1300000   L0 0:31963c000:30000 20000L/20000P F=1 B=71/71 cksum=fefcb842aea0e082:32190fee51a11d:3b353054196209a:7f7fba114bacd4c7
         1320000   L0 0:31966c000:30000 20000L/20000P F=1 B=71/71 cksum=8f6ce571be47147:f75a245ccf4c2bc4:5db3d38c0ae97589:a40d3a4f9faed293
         1340000   L0 0:31969c000:30000 20000L/20000P F=1 B=71/71 cksum=b752c643b9273c31:c6d6a6ba948d1294:a9fe20f981de3b7:8afe29f1a979883d
         1360000   L0 0:3196cc000:30000 20000L/20000P F=1 B=71/71 cksum=e94e77677c5a658a:3552a3eb2bc4deea:d337446b468f9dac:9abc2f938694b4a8
         1380000   L0 0:3196fc000:30000 20000L/20000P F=1 B=71/71 cksum=288f7cb717317b19:74ea2fd77c43d907:19c250fd53354d30:59623d0c6b994d05
         13a0000   L0 0:31972c000:30000 20000L/20000P F=1 B=71/71 cksum=ccf5e2cfeb8fa2c6:c089d7d62fe5fb5:ec9fc3f795ad84a4:893c1ec508d4a7d7
         13c0000   L0 0:31975c000:30000 20000L/20000P F=1 B=71/71 cksum=6f12c5b5b80995b9:4c422e485054cbc:80592ba2acd59375:a6536894e02109d7
         13e0000   L0 0:31978c000:30000 20000L/20000P F=1 B=71/71 cksum=e0ef2ef3295cc86e:b50c62df9cd31fa9:43b2f8b2bec61368:9b9feb75ce661f0e
         1400000   L0 0:3197bc000:30000 20000L/20000P F=1 B=71/71 cksum=307e84ff5e11a36d:32bd5a76b9153516:ab1ec61fb4ccace1:8bec8efe3cc20252
         1420000   L0 0:3197ec000:30000 20000L/20000P F=1 B=71/71 cksum=f9a2b9d6bb975502:f0ce7cf43f2b1ba:9677dbaa85fbe14c:90816d50bb0e2afb
         1440000   L0 0:31981c000:30000 20000L/20000P F=1 B=71/71 cksum=c72f7b82359290fb:b3d1bb1caff2475c:cbccc7bccc713ac2:b74e41b6115adbb6
         1460000   L0 1:d8aae000:30000 20000L/20000P F=1 B=71/71 cksum=c421a824c50e1063:e6cf8e7e4c38ebc5:36b522a3513d0560:5a249df91c11512b
         1480000   L0 1:d8ade000:30000 20000L/20000P F=1 B=71/71 cksum=b42c0827b75518e3:8897370a7b08b95a:a466fbf923649c57:fbbe9b6d56e31845
         14a0000   L0 0:31984c000:30000 20000L/20000P F=1 B=71/71 cksum=f0dd478368bef728:5b5f45929a6297f1:121e8efe4af8a1c3:35044925e177eb42
         14c0000   L0 0:31987c000:30000 20000L/20000P F=1 B=71/71 cksum=ef740f08d2c5f37c:94be91dee974c605:347713581f12d2a8:7a84438e7fd7ad81
         14e0000   L0 0:3198ac000:30000 20000L/20000P F=1 B=71/71 cksum=c2cfbcdf141449:19babed94257d8:c81839087f5bf3bb:a54629703f9202b
         1500000   L0 0:3198dc000:30000 20000L/20000P F=1 B=71/71 cksum=5399cb44eae79ebc:a5363d00970298bf:f5e4008d1aa05bb1:7f5b3ea6f7d53c88
         1520000   L0 0:31990c000:30000 20000L/20000P F=1 B=71/71 cksum=a52093f4629e6585:e8fc588ce6d7f8ae:9d10e6ec26fd9534:1d7f21f57b51f41
         1540000   L0 0:31993c000:30000 20000L/20000P F=1 B=71/71 cksum=75aa0c395c968683:296773b3fa17155b:62d90f36f266237b:7ae5037677a77bb5
         1560000   L0 0:31996c000:30000 20000L/20000P F=1 B=71/71 cksum=d3e72a66d9fdd780:c2c16ec8b6a235e3:7745e7ed89c90c4:1752e50b50600c9a
         1580000   L0 0:31999c000:30000 20000L/20000P F=1 B=71/71 cksum=769654e6ef1b135f:bf87a46bf1b611cb:f535058ca0f12efc:889db5527bbedeb2
         15a0000   L0 1:d8b0e000:30000 20000L/20000P F=1 B=71/71 cksum=7ba150f29b69090f:8652583d452fc57d:1ba5f2fcefe88196:abc0baee7f76eccd
         15c0000   L0 1:d8b3e000:30000 20000L/20000P F=1 B=71/71 cksum=5a377405bb086e60:74649ea74a82d363:545f7b246c03d6dd:995a5c61efe605b5
         15e0000   L0 1:d8b6e000:30000 20000L/20000P F=1 B=71/71 cksum=f55a1e745b0e666b:d5e4bbbfe160fafb:65c06caf5eb71bd2:65d975e247a9c42d
         1600000   L0 0:3199cc000:30000 20000L/20000P F=1 B=71/71 cksum=7a73364aa122a851:219f3cccc3f9bf0a:97b3bb35db27e2d9:e7ecb884e4f775c
         1620000   L0 0:3199fc000:30000 20000L/20000P F=1 B=71/71 cksum=5bde694c3235514c:752284dc9b9a6455:f3cd31006deaa48:2d4b589c4fb49cf5
         1640000   L0 0:319a2c000:30000 20000L/20000P F=1 B=71/71 cksum=10a5981e0ba48184:cd99f0bdb6cbdfa5:f4e94ee2c4e056cd:ee2edd5018fc1313
         1660000   L0 0:319a5c000:30000 20000L/20000P F=1 B=71/71 cksum=680006ce5dd415cd:bbc29f88961bdd3d:8a291b769627724c:72bf2d03f24897ed
         1680000   L0 0:319a8c000:30000 20000L/20000P F=1 B=71/71 cksum=4c5f1864ee673dcd:229245ec07d9658e:3ea9e744fd3948e9:54a724bb4c94d1bc
         16a0000   L0 0:319abc000:30000 20000L/20000P F=1 B=71/71 cksum=d637bdab83335d2c:ee950c637f894b1:8df44cf38bec93a1:1d8018b990b936fd
         16c0000   L0 0:319aec000:30000 20000L/20000P F=1 B=71/71 cksum=8f65f63aadcf2eec:12d260dfe13ef5ae:5261fbd1e6505673:be5a19edc1ac5383
         16e0000   L0 0:319b1c000:30000 20000L/20000P F=1 B=71/71 cksum=12841a308fdd17e0:84233005d6aff74e:9180b19bdd487292:1caf188771b0200f
         1700000   L0 1:d8b9e000:30000 20000L/20000P F=1 B=71/71 cksum=867576ba35d2dd1c:402263b21f9d77bd:6effc80ab466fd39:b4b1376b5404eec1
         1720000   L0 0:319b4c000:30000 20000L/20000P F=1 B=71/71 cksum=30a0d0cc867da686:86c3f39b55e9ecd0:8915b83e26e4adad:ff66358c0aecaa3d
         1740000   L0 0:319b7c000:30000 20000L/20000P F=1 B=71/71 cksum=787f58d81249010a:f497536fd9be035c:535cd727dd523dfb:9b91671ee080d309
         1760000   L0 0:319bac000:30000 20000L/20000P F=1 B=71/71 cksum=96194f39cc454fc0:6d7c975445de2d9:5fe27cb8aec9473f:892b2b6d0a292381
         1780000   L0 0:319bdc000:30000 20000L/20000P F=1 B=71/71 cksum=d3612125c1a59dd3:59462971e48f255f:31e70ba440f2810:245755b8880f07cb
         17a0000   L0 0:319c0c000:30000 20000L/20000P F=1 B=71/71 cksum=1cc377f9f0037d7c:aa0506330cf43e77:c1623aef59c40762:3593c5a17107960c
         17c0000   L0 0:319c3c000:30000 20000L/20000P F=1 B=71/71 cksum=c3c7bed8f0453cd2:c5b0800864e40eba:c07ca042ce5e0515:89e186345da71e9c
         17e0000   L0 0:319c6c000:30000 20000L/20000P F=1 B=71/71 cksum=a46ec98ed4308acd:6860decf15b771b8:121eb52f06d29054:4175d46216d6b990
         1800000   L0 0:319c9c000:30000 20000L/20000P F=1 B=71/71 cksum=a57d9d99d092472:9d77013931a2eef0:f06201b3973e7396:aca6c971442ed705
         1820000   L0 1:d8bce000:30000 20000L/20000P F=1 B=71/71 cksum=8452679793f293c:22975b9f87b64b60:46d2c627035fc936:78dfdff446d2203a
         1840000   L0 1:d8bfe000:30000 20000L/20000P F=1 B=71/71 cksum=9a189a95254f9f09:379c7cfb8b28424f:6ffe59396c0e5b08:61b90333e0120b95
         1860000   L0 0:319cfc000:30000 20000L/20000P F=1 B=71/71 cksum=21598f04620927f2:570da3d39cccb46e:37892d3fdbd76e5e:e5ea2b1706fadb25
         1880000   L0 0:319ccc000:30000 20000L/20000P F=1 B=71/71 cksum=f0fb92ba0d579bc1:a84c5751fc258bac:9f7f8684dbaf7440:abc9a0f701c1461
         18a0000   L0 0:319d2c000:30000 20000L/20000P F=1 B=71/71 cksum=f2f5b4bb8e359df3:5cf65ddd546a85cd:aa60892635db3de1:58b46862164c0ce5
         18c0000   L0 0:319d5c000:30000 20000L/20000P F=1 B=71/71 cksum=a39fea914346d911:991af4decaccc3c4:7b0e4888ce4ebf5a:68156e7d141b7ee4
         18e0000   L0 0:319d8c000:30000 20000L/20000P F=1 B=71/71 cksum=2343939464a1da93:76704565a2dfe347:f780a1a9628103ed:cf7be87c6e04a182
         1900000   L0 0:319dbc000:30000 20000L/20000P F=1 B=71/71 cksum=8b562b88514965e9:2bfe6d0926e3afd9:401e1ebb84efcb3f:67c99cab3dd2772d
         1920000   L0 0:319dec000:30000 20000L/20000P F=1 B=71/71 cksum=bcb832155d15ad1d:9ad67a69e209e419:b79bef8d1441aa:970bc1cf25d91371
         1940000   L0 0:319e1c000:30000 20000L/20000P F=1 B=71/71 cksum=93c0b4bf8d71f746:af90fe3b1b2d4c1b:34e10f6706ab7a13:83de710239976f6c
         1960000   L0 1:d8c2e000:30000 20000L/20000P F=1 B=71/71 cksum=e6ab0ae6b3470fd:49176664728cf9e:ff46987b65d530ee:33402fec6a90c842
         1980000   L0 1:d8c5e000:30000 20000L/20000P F=1 B=71/71 cksum=a6b867fdf8e18ae4:fd0bedc92b95831a:701d3b08796c7b50:b943d87f545eb04f
         19a0000   L0 0:319e4c000:30000 20000L/20000P F=1 B=71/71 cksum=ca8dc7fc5e34b80e:1b09516235469a91:530dc567347d9289:3ea2e99c9b1a5731
         19c0000   L0 0:319e7c000:30000 20000L/20000P F=1 B=71/71 cksum=73b53978835cda70:b98fce9b4f011b60:a12b042f13ae8998:c9a6241d9afb9f69
         19e0000   L0 0:319eac000:30000 20000L/20000P F=1 B=71/71 cksum=27b2a41771b6b965:3c66ed5ecd2b204b:83edd5144c454a82:71ee3668a9c53511
         1a00000   L0 0:319f0c000:30000 20000L/20000P F=1 B=71/71 cksum=89fb037eeeb1ebdf:eda1bc123c6703e2:7b77b1ce662c0895:138f341202b4795a
         1a20000   L0 0:319edc000:30000 20000L/20000P F=1 B=71/71 cksum=99b2c64c2142bde6:e42603bfe438d50:8eedd3ef6ee66c5b:2b0cf112ca856b67
         1a40000   L0 0:319f3c000:30000 20000L/20000P F=1 B=71/71 cksum=795123647ccee365:ec1e70e67168f056:6523592aa0ece25c:953445169047a3c9
         1a60000   L0 0:319f6c000:30000 20000L/20000P F=1 B=71/71 cksum=9dfb2bbb40a21e24:d36b8746898a82f9:d3976d2ee5baf27a:c2b55e43ee38c362
         1a80000   L0 0:319f9c000:30000 20000L/20000P F=1 B=71/71 cksum=99bd9096cdcdea88:fdab9b94e8dd8604:ba814ccd196b78ce:7c6c8845f749e686
         1aa0000   L0 0:319fcc000:30000 20000L/20000P F=1 B=71/71 cksum=7bbb9a27dce229ba:34447bfc94e67ebb:16f1c06573532224:8cc8bdd24204c741
         1ac0000   L0 0:319ffc000:30000 20000L/20000P F=1 B=71/71 cksum=81ac7ff49a24e015:2459bd80e381777b:368d2299964f5521:28b2d30dda47a267
         1ae0000   L0 0:31a02c000:30000 20000L/20000P F=1 B=71/71 cksum=b1d607c32645b142:9704ac2bc7b65b37:483f3f43aba3b8dc:d296503829275aa2
         1b00000   L0 0:31a05c000:30000 20000L/20000P F=1 B=71/71 cksum=a07355806b70f27c:840e2eb6d4e56ee6:264335938a8b3eea:3ed226fea7ac2ba8
         1b20000   L0 0:31a08c000:30000 20000L/20000P F=1 B=71/71 cksum=3561b1d64a778879:9e1397ebad0e4ff3:be76d81ea6ed1a6a:45f0dd24316db83e
         1b40000   L0 0:31a0bc000:30000 20000L/20000P F=1 B=71/71 cksum=12bf0c6c096b3498:9b3a73752e8d5d1d:7ee2a2f4f967b732:176f48ae184e823f
         1b60000   L0 0:31a0ec000:30000 20000L/20000P F=1 B=71/71 cksum=42b5e9984bc54dc9:be6b7f6d699ef00b:43c91cce2a18dbb8:9f7f231a417b19ec
         1b80000   L0 0:31a11c000:30000 20000L/20000P F=1 B=71/71 cksum=37db24564e476ca3:fb73328a26032acb:80aacd99614d3502:4d068b98b6b0d8b
         1ba0000   L0 0:31a14c000:30000 20000L/20000P F=1 B=71/71 cksum=f0409a830f69b4af:33077c5821c1ada3:5b27a82993d04cdf:92ae52fd61c5de43
         1bc0000   L0 0:31a17c000:30000 20000L/20000P F=1 B=71/71 cksum=348a978c22d67934:19c4405046f3f855:ece48889e267a1fd:c4b4a3e7a88ca97b
         1be0000   L0 0:31a1ac000:30000 20000L/20000P F=1 B=71/71 cksum=e3e7c429d4e6e15:fd9f475f10704c65:5a084ad833f6d7d:790ac6f35444fbd8
         1c00000   L0 0:31a1dc000:30000 20000L/20000P F=1 B=71/71 cksum=84cb8a72160f7389:ebc6e70a3f1106e7:e2e15c0e3e3979b:e391032e859a6a8b
         1c20000   L0 0:31a20c000:30000 20000L/20000P F=1 B=71/71 cksum=b157607dac840165:3c5a52d631a82798:4a92190da94f9369:d055f0bd0f77ade
         1c40000   L0 0:31a23c000:30000 20000L/20000P F=1 B=71/71 cksum=a4d48b221a47df4e:8ef9dde01d48e84c:87d7e99c77291fac:1451e055a6f97b7b
         1c60000   L0 0:31a26c000:30000 20000L/20000P F=1 B=71/71 cksum=8e11873ecaa7cde6:a5bed28f4576e7f8:1ad74b7eba2e23ca:b4df8085a771a5d6
         1c80000   L0 0:31a29c000:30000 20000L/20000P F=1 B=71/71 cksum=8090a89196e2fb18:464633b93671853a:7d76ef23e702dee9:c40ab89b5e80bf6a
         1ca0000   L0 0:31a2cc000:30000 20000L/20000P F=1 B=71/71 cksum=a8c3b3ce9d064cd9:346203fb0b00a1d1:cd40a840e9d0539a:4aa8bf4aec036bf1
         1cc0000   L0 0:31a2fc000:30000 20000L/20000P F=1 B=71/71 cksum=cd84dca4a4b55153:986d204e13538995:b5aa5bb473f0ed7d:158d87f9566ebb
         1ce0000   L0 0:31a32c000:30000 20000L/20000P F=1 B=71/71 cksum=67edc0d1e365aeef:a30f52e83789c440:e7f5aa4039ceab7a:bf8b5a9a81374fc6
         1d00000   L0 0:31a35c000:30000 20000L/20000P F=1 B=71/71 cksum=5f483d7f6e64db42:84f40099a05d7722:9e7e8404bc1ac9a0:ac05788928f9044
         1d20000   L0 0:31a38c000:30000 20000L/20000P F=1 B=71/71 cksum=2a16f9e85e1ac5fe:23ad9d6b86a8f66e:c41d7676f523efb3:a175d9d2058f7631
         1d40000   L0 0:31a3bc000:30000 20000L/20000P F=1 B=71/71 cksum=aa9845abbe62fa0c:b9b6b2a1f7d5c499:300c54443d7f6532:e29ef9b70ac36770
         1d60000   L0 1:d8c8e000:30000 20000L/20000P F=1 B=71/71 cksum=6ca8eaa06deaae52:72a5c55a1092d602:95c2ef85b54efd9d:74b3b0344a91123c
         1d80000   L0 1:d8cbe000:30000 20000L/20000P F=1 B=71/71 cksum=bba84d21d2316a17:851bab5a6a2a4f03:c50dd98d986b378f:16523ece41b19fe5
         1da0000   L0 0:31a3ec000:30000 20000L/20000P F=1 B=71/71 cksum=763f1da9584f6515:1a255a187bae5340:90f553257a9999f6:3c35b2aa5f818672
         1dc0000   L0 0:31a41c000:30000 20000L/20000P F=1 B=71/71 cksum=ca743d1d3dea13cd:7886cf3f1d747647:e1819f3e7bd3227e:ae3bdfb30c245962
         1de0000   L0 0:31a44c000:30000 20000L/20000P F=1 B=71/71 cksum=dff8b395c9815c4d:3bb0b7a12737f5b0:e63a860486e08629:8bb504cc1208f98e
         1e00000   L0 0:31a47c000:30000 20000L/20000P F=1 B=71/71 cksum=733dc19bf16f1625:e2285f9e0ccb24ab:f8e3a1e30e4e828e:c6936e597f74426
         1e20000   L0 0:31a4ac000:30000 20000L/20000P F=1 B=71/71 cksum=5768966783665b13:6c69142d2aaa85e2:7a8848d0c778b095:fa54eccc709ade37
         1e40000   L0 0:31a4dc000:30000 20000L/20000P F=1 B=71/71 cksum=42d9ac952264e3be:7f05ba94aa969b1:6964749722ffd566:a6cf5c6bb9d1a189
         1e60000   L0 0:31a50c000:30000 20000L/20000P F=1 B=71/71 cksum=2d5e7fbd59c1925:9732a2a1eef7bcd7:1a111bee6a932fbc:3b679a9c8375fbdd
         1e80000   L0 0:31a53c000:30000 20000L/20000P F=1 B=71/71 cksum=df99dd23a6f22302:5168e9f0103a2b35:3ede4e85769221c:5719d0b9a34c456
         1ea0000   L0 1:d8cee000:30000 20000L/20000P F=1 B=71/71 cksum=caf0a10f43484bd0:e79725e5bb22e320:bad1075022e4aa71:9227102778e7a9b7
         1ec0000   L0 1:d8d1e000:30000 20000L/20000P F=1 B=71/71 cksum=743b547a0b1fdb8a:1dffcc089e3815d6:ba9642591f3528ef:ddb6535cbb3ba001
         1ee0000   L0 0:31a56c000:30000 20000L/20000P F=1 B=71/71 cksum=f9516a1811019db4:8ef4edb39270f467:87d0ca4271751a88:8e01a7ae318d5099
         1f00000   L0 0:31a59c000:30000 20000L/20000P F=1 B=71/71 cksum=b9d2d408720f0625:e22c4ad64a77f753:51af905472e37da9:9e8f583520dd6bf3
         1f20000   L0 0:31a5cc000:30000 20000L/20000P F=1 B=71/71 cksum=4292e81661d50515:2afa432ae5658d30:87d0516bb1ff5532:360928bcf887d592
         1f40000   L0 0:31a5fc000:30000 20000L/20000P F=1 B=71/71 cksum=4727a6ece62bbf45:c11e89d7f14d62d:123cbe4123c6e008:c581301fddac907c
         1f60000   L0 0:31a62c000:30000 20000L/20000P F=1 B=71/71 cksum=81492433d4eca470:d71b04d312ba9ff9:d0b20081d1fa07b:d02ee256e10d0149
         1f80000   L0 0:31a65c000:30000 20000L/20000P F=1 B=71/71 cksum=98940c9754072c3f:e332f43c315068d6:1acca61d140694e5:a09572c38d5c625d
         1fa0000   L0 0:31a68c000:30000 20000L/20000P F=1 B=71/71 cksum=e2d91eb8dac47609:3f6730f916a4c2ca:9814c5db9ace5d39:7764561eb129c8df
         1fc0000   L0 0:31a6bc000:30000 20000L/20000P F=1 B=71/71 cksum=dcae5df9c5113adc:37269adaea56e561:827773fe86eb6077:84c4f81d1a28bbbc
         1fe0000   L0 0:31a6ec000:30000 20000L/20000P F=1 B=71/71 cksum=68b263f6bc5d8470:de463042cc677c9:9bff4f2e32dfb098:cdfb8c93dbcbf90f
         2000000   L0 0:31a71c000:30000 20000L/20000P F=1 B=71/71 cksum=15561f103377f449:6441c88836fb03e2:afde5391b026010d:b8c1bacf88f9f9ef
         2020000   L0 0:31a74c000:30000 20000L/20000P F=1 B=71/71 cksum=72355201aa0e0e9c:9b2ed0a2c929f982:2403693fc2fd924c:5235b296447fcfd
         2040000   L0 0:31a77c000:30000 20000L/20000P F=1 B=71/71 cksum=890eeee406958d86:38c997a1ac0cccc2:7e29572c04b601f9:66ba5ed1a6accd5
         2060000   L0 0:31a7ac000:30000 20000L/20000P F=1 B=71/71 cksum=61f9726713c9e76a:b3d739d65312998d:96820849ee5724af:66725929ef294fbb
         2080000   L0 0:31a7dc000:30000 20000L/20000P F=1 B=71/71 cksum=2664a85f00f82387:13424aff6db594c:e5212923661decba:fea004d380433137
         20a0000   L0 0:31a80c000:30000 20000L/20000P F=1 B=71/71 cksum=140021f0100fa16e:c5e7f966e6bfea53:16e43e1b7797f2be:297597abc92fe6d6
         20c0000   L0 0:31a83c000:30000 20000L/20000P F=1 B=71/71 cksum=f97d88896f6a33cb:d5c90cf7b731be0e:4875e2e242cc412e:8a3f2df677990e33
         20e0000   L0 0:31a86c000:30000 20000L/20000P F=1 B=71/71 cksum=f1721ef7532a36f6:c3ccb61ce21dc8a8:5c403193448bf64e:aa3a6a8b3dcf3d22
         2100000   L0 0:31a89c000:30000 20000L/20000P F=1 B=71/71 cksum=72e829452d5e3619:aeb39383c1e1579b:ed78d30082a8834b:28fb890e933ed7e3
         2120000   L0 0:31a8cc000:30000 20000L/20000P F=1 B=71/71 cksum=d2fc7abc8e1a4b54:62d75d03dbf92bf3:4a22835aa4e0e41e:58f961527d44fd6d
         2140000   L0 0:31a8fc000:30000 20000L/20000P F=1 B=71/71 cksum=acda2e9a182bc5a9:141986b594d58b01:1a5abadc3a265c0a:b397dda47ccd6092
         2160000   L0 0:31a92c000:30000 20000L/20000P F=1 B=71/71 cksum=7e427a023c2e12aa:6026869f9c755351:8599cf54a191c29f:1c8147cbd7a7ea61
         2180000   L0 0:31a95c000:30000 20000L/20000P F=1 B=71/71 cksum=3a25783472749283:b705e359fe0c698:3e05218987a8faff:beb22bf7b87b482e
         21a0000   L0 0:31a98c000:30000 20000L/20000P F=1 B=71/71 cksum=82e887a27f235d60:f8aeae15859b6f:3c0a3860a277a114:8d9be7337740b5f0
         21c0000   L0 0:31a9bc000:30000 20000L/20000P F=1 B=71/71 cksum=b562e492007f9f41:e2f57f2d07ff3650:bd0cb6947839316e:7de3e4fdffec1eb1
         21e0000   L0 1:d8d4e000:30000 20000L/20000P F=1 B=71/71 cksum=b6995b132ea9379c:9fc58422f9bdfc5b:8b7ce7260742dd0a:8ecec21b574b8e6d
         2200000   L0 1:d8d7e000:30000 20000L/20000P F=1 B=71/71 cksum=aaa42abcb575ee95:1a2d4e4b67377cf8:12a453e45fc5256d:7bd9e506a8ee3b6d
         2220000   L0 0:31a9ec000:30000 20000L/20000P F=1 B=71/71 cksum=3978e55a55a72eac:125e5861e74b3220:f893eae6da169c4b:7a34bd2cc0326c20
         2240000   L0 0:31aa1c000:30000 20000L/20000P F=1 B=71/71 cksum=ed15147effacb802:acc7308e73b761a9:6d4c85e940dce6c:11a7120248bd8f5a
         2260000   L0 0:31aa4c000:30000 20000L/20000P F=1 B=71/71 cksum=1a2dac1a928de597:2a7ebcfcc6077ccd:c264f572918b47dd:8854af868e576006
         2280000   L0 0:31aa7c000:30000 20000L/20000P F=1 B=71/71 cksum=f1bf9caccf7ece2f:fa308055019ec387:c1b0602387291d03:7c51ca267858d2b3
         22a0000   L0 0:31aaac000:30000 20000L/20000P F=1 B=71/71 cksum=a1df9566738cbde3:eb9d83237490a071:2612a1494da57862:75f15209c9304329
         22c0000   L0 0:31aadc000:30000 20000L/20000P F=1 B=71/71 cksum=2643aac73864bbf5:42c032e943fc37ac:d12cac1ab1ceb86:4a00ce5bdc1fee0a
         22e0000   L0 0:31ab0c000:30000 20000L/20000P F=1 B=71/71 cksum=d4257962df56526e:b110873400528202:613592af3e2dbba5:ac0420b0cf01c6a1
         2300000   L0 0:31ab3c000:30000 20000L/20000P F=1 B=71/71 cksum=bc5e6d881d0aaf4e:161e6e0b94dba3d0:801c3f47ab828617:37fa1b5631edbd4a
         2320000   L0 0:31ab6c000:30000 20000L/20000P F=1 B=71/71 cksum=6e705abfe381fc88:7ffb1552593beb1d:fb4773129f68438d:58848f684947bcbb
         2340000   L0 0:31ab9c000:30000 20000L/20000P F=1 B=71/71 cksum=c7e71c9158ff32c0:9e4ce7c69922ba4f:1a79cf1305e59d5f:d22caaecc568b90a
         2360000   L0 0:31abcc000:30000 20000L/20000P F=1 B=71/71 cksum=4e2345a2c3b47b04:7220855d2afcf78f:b9562ad2c11a0863:dc5c29b64990621a
         2380000   L0 0:31abfc000:30000 20000L/20000P F=1 B=71/71 cksum=410a804deea7cc3e:558a48fa18574208:65d0cc079ae76bd0:135ba5bf4cf84f91
         23a0000   L0 0:31ac2c000:30000 20000L/20000P F=1 B=71/71 cksum=974ebcb67d11a5f:b75209a6e524a2a6:5f3fb088e2fd0447:e69be92c1f4fc828
         23c0000   L0 0:31ac5c000:30000 20000L/20000P F=1 B=71/71 cksum=3f0e51905eac08bf:e43e0c037c6ffe0e:297a19bfe338d117:5f850ddaa4b15c5e
         23e0000   L0 0:31ac8c000:30000 20000L/20000P F=1 B=71/71 cksum=62eac29901b3b2ec:65d16f3ab22bcb31:f1baf3170fd60aaa:661c43e5b90c161e
         2400000   L0 0:31acbc000:30000 20000L/20000P F=1 B=71/71 cksum=4d24c729fa234bed:d6d0acedd5ebfcf9:4e2cc7715d82a12e:249b3e768b7f0157
         2420000   L0 0:31ad1c000:30000 20000L/20000P F=1 B=71/71 cksum=53a5a94468b8d8f6:b39cc1dfe238c4db:101bcd6c7bb9da9c:71bb32eccc7f7ae8
         2440000   L0 0:31acec000:30000 20000L/20000P F=1 B=71/71 cksum=df37bc3dc75cc471:348cf02b813b9d63:e5d12a12b05aa7f5:d9a0c4084b11a4b0
         2460000   L0 0:31ad4c000:30000 20000L/20000P F=1 B=71/71 cksum=e48a4d6503148ad5:27ac556465dadba3:8d62efd54c504de:423b69bc24b0b998
         2480000   L0 0:31ad7c000:30000 20000L/20000P F=1 B=71/71 cksum=e533fd8e245d3ec3:5cc871416e8e4cd9:ec13c00dd00e3b1b:a2416973ca2e4beb
         24a0000   L0 0:31adac000:30000 20000L/20000P F=1 B=71/71 cksum=6ccd257f39436506:fa961da49fd2a05f:45eb469120bf42ac:b89a5cf896cf9f44
         24c0000   L0 0:31addc000:30000 20000L/20000P F=1 B=71/71 cksum=4e3a4e67191d76fe:90fb5f644d292aa6:ce6948020878be21:b393cad5df6500e8
         24e0000   L0 0:31ae0c000:30000 20000L/20000P F=1 B=71/71 cksum=ac6f3fd69d2723d4:e7b931be9c7ae111:51d9d02258351af5:52ca4bb90da4bc1b
         2500000   L0 0:31ae3c000:30000 20000L/20000P F=1 B=71/71 cksum=7a242771ea38d9f9:a377e762e8065d89:b140889f50e34bbf:3311e6bcb12b7db4
         2520000   L0 1:d8dae000:30000 20000L/20000P F=1 B=71/71 cksum=e9e39313f16ed334:a3ba675a821d2f1d:107c2a655f10c758:3f2f0d4c9e454864
         2540000   L0 1:d8dde000:30000 20000L/20000P F=1 B=71/71 cksum=3673767c0173b811:719479ad582cbce4:959aa1d0506bfc2f:28a66995a6058620
         2560000   L0 0:31ae9c000:30000 20000L/20000P F=1 B=71/71 cksum=eecb001b75dc98be:77ef99d644fcd725:2d77f4e67f03d3ea:f4e0ce85f452f2f9
         2580000   L0 0:31ae6c000:30000 20000L/20000P F=1 B=71/71 cksum=faacbe30b463af77:a46b4a1da1c13a8:ffb97da7f2d0fc8e:8c6a9e1bf493e3d8
         25a0000   L0 0:31aecc000:30000 20000L/20000P F=1 B=71/71 cksum=a5c475e46f0b07f5:f7a2f69f39688382:8562492dfaf7f3b0:420a2d8ff1903ee1
         25c0000   L0 0:31aefc000:30000 20000L/20000P F=1 B=71/71 cksum=db3e584fcd79754:3b2a2bb7abff815e:70cb3db53966e9bf:74fb7d2491e6b2bc
         25e0000   L0 0:31af2c000:30000 20000L/20000P F=1 B=71/71 cksum=aaf669477efe6180:20507349db8f970b:a0e2a9acfed409b2:5e712c7a8b527cb3
         2600000   L0 0:31af5c000:30000 20000L/20000P F=1 B=71/71 cksum=21e5db43433b7cd0:eb6de3f26a973ba3:85068f48e758a270:68571994047383c0
         2620000   L0 0:31af8c000:30000 20000L/20000P F=1 B=71/71 cksum=52cd942e71d53b38:d15cb8e775f0a7a0:aafe67f7e661bd0c:fa85dd6b62aa649b
         2640000   L0 0:31afbc000:30000 20000L/20000P F=1 B=71/71 cksum=3ea803eb94fd0c8a:bc7dc78e24f23288:a65485225e51dd54:b460fecf364a18df
         2660000   L0 0:31afec000:30000 20000L/20000P F=1 B=71/71 cksum=a5f3d74a80b039f5:e9dd1a5eb7a61645:800aa0c363aecb46:3fd5cb4d678c4dcd
         2680000   L0 0:31b01c000:30000 20000L/20000P F=1 B=71/71 cksum=47ec6369e77b93cf:193f1bf320a6f552:4bb9fe2bf79459e7:b5768a92938ab7e1
         26a0000   L0 0:31b04c000:30000 20000L/20000P F=1 B=71/71 cksum=d6bc7be10ce35cb:de67a1b53924b449:496ced1baea0bf1c:5bf7e7424196cc2b
         26c0000   L0 0:31b07c000:30000 20000L/20000P F=1 B=71/71 cksum=994bc888da45cc21:631deefea4470680:f0b1cc9ba568fc00:d2a9d958d1c64bc9
         26e0000   L0 1:d8e0e000:30000 20000L/20000P F=1 B=71/71 cksum=71be0176d29b069b:946d095e39e583f1:4f7df7f57d386f33:171c86006f1b24e9
         2700000   L0 1:d8e3e000:30000 20000L/20000P F=1 B=71/71 cksum=f569c03d2a636d31:8c075b9d61df8155:d58ceb32edc4a5f0:6dd886f00bdc9dfd
         2720000   L0 0:31b0ac000:30000 20000L/20000P F=1 B=71/71 cksum=e727037de3f9de79:69ff5025d81e50b1:1fd4a8357190b2ec:b42e56c4eaeb93c0
         2740000   L0 0:31b0dc000:30000 20000L/20000P F=1 B=71/71 cksum=f14116d30e6b8e3d:5d04cfc357068acd:f8d01938680bed3c:c8fed2315866d36d
         2760000   L0 0:31b10c000:30000 20000L/20000P F=1 B=71/71 cksum=e54bfa5848bd2efe:ae0b8b16650f9f24:313de0ea54728f70:4c950f62f7055111
         2780000   L0 0:31b13c000:30000 20000L/20000P F=1 B=71/71 cksum=7776e53cf0d064f4:9fb6f17327e2fddd:cde00610499c752f:cb557462a85e6a57
         27a0000   L0 0:31b16c000:30000 20000L/20000P F=1 B=71/71 cksum=4b6c6e944c233694:ebbe91cfe85b5408:d332f4e7b570863f:b7e9fb663f45f62a
         27c0000   L0 0:31b19c000:30000 20000L/20000P F=1 B=71/71 cksum=763c65b9d4018df8:11d804dd49287c64:da3de1b6d175b9d0:afa2857d0b9c68d4
         27e0000   L0 0:31b1cc000:30000 20000L/20000P F=1 B=71/71 cksum=d96f1a72017a49a4:30c8238789ac0438:7f592558d2cfbaa6:80ddbef79458fd2b
         2800000   L0 0:31b1fc000:30000 20000L/20000P F=1 B=71/71 cksum=ad75088a573f443e:f04fa44ab9a274d7:9f2ae6628cf43b05:824bf79b10451ec4
         2820000   L0 0:31b22c000:30000 20000L/20000P F=1 B=71/71 cksum=d0e98ece981e013e:737142ee77777188:783bf4c47f42df46:dab930ac8c24d455
         2840000   L0 0:31b25c000:30000 20000L/20000P F=1 B=71/71 cksum=6524cb8d27bb169c:35fb0fafa7463090:28ede6678f6c4559:15ca757ecc2be698
         2860000   L0 0:31b28c000:30000 20000L/20000P F=1 B=71/71 cksum=cae4c8900a632b93:c37c276ebe35aa19:74944464194bf5cf:1776c0784e8c7aee
         2880000   L0 0:31b2bc000:30000 20000L/20000P F=1 B=71/71 cksum=84f62a069ef72777:bd98020185df905e:20afb75268a4005f:12f14f350253f3f5
         28a0000   L0 0:31b2ec000:30000 20000L/20000P F=1 B=71/71 cksum=a88be28b0100a3f6:8e6f60470639fb0d:2c33942ef2935a47:3505feb516432941
         28c0000   L0 0:31b31c000:30000 20000L/20000P F=1 B=71/71 cksum=4f6ee2cddcf56798:96867c4ed0612638:b5893ea0013fc5bb:713c5995da7acdd1
         28e0000   L0 0:31b34c000:30000 20000L/20000P F=1 B=71/71 cksum=d89e211a8a107d3d:89e99c55036ea6e5:46aa80e0cad90065:a455ba8662a0ddaa
         2900000   L0 0:31b37c000:30000 20000L/20000P F=1 B=71/71 cksum=2fdc80e9bdbe58fc:b083d433c3c24acb:476d6b7f71e3ca45:9bdf36a5502fe424
         2920000   L0 1:d8e6e000:30000 20000L/20000P F=1 B=71/71 cksum=1514207e842781a2:b979e21441c3cc9a:4fb94f545ef2aad3:b221e69d99ed4127
         2940000   L0 1:d8e9e000:30000 20000L/20000P F=1 B=71/71 cksum=9d1f3c0c9d17817f:70ce7938060e0667:ff6fbc953ae9bdc8:dd53120d9ed25a6a
         2960000   L0 0:31b3ac000:30000 20000L/20000P F=1 B=71/71 cksum=c5a788ffe1f9d7e8:efb928b1ee76c1da:61ee7dcffe2881b0:b67247804b215942
         2980000   L0 0:31b3dc000:30000 20000L/20000P F=1 B=71/71 cksum=5ffe4a23ef0156f3:e60522166005b133:893e60a35a5afafb:63a69dfe7431b60e
         29a0000   L0 0:31b40c000:30000 20000L/20000P F=1 B=71/71 cksum=15dda2468e4961a2:f485b6da1a495a08:3872609d874e2c84:97e960dbb7c0d5
         29c0000   L0 0:31b43c000:30000 20000L/20000P F=1 B=71/71 cksum=28440f5284e3c49d:9dfb3205691cd2f:a6420196eb7d9ed7:62d76d7413cf245
         29e0000   L0 0:31b46c000:30000 20000L/20000P F=1 B=71/71 cksum=b092bad63b2d6abe:9bb673713f6a04df:52365bd797653827:a33852f2892f0b9f
         2a00000   L0 0:31b49c000:30000 20000L/20000P F=1 B=71/71 cksum=de36d953dde9f704:7ebde19cba248c25:cff9cf9a4883dcd:ade4ad75737961fc
         2a20000   L0 0:31b4cc000:30000 20000L/20000P F=1 B=71/71 cksum=98c448becc903335:1ed47a6ed701774c:87d6e447c96a0174:bffa61b9c0825ce5
         2a40000   L0 0:31b4fc000:30000 20000L/20000P F=1 B=71/71 cksum=39d7bf06462cb952:b9af8e753c580b77:4d92b1ace559fd85:c58e444fb22c38c9
         2a60000   L0 0:31b52c000:30000 20000L/20000P F=1 B=71/71 cksum=8fb7be23db8d3913:ea81e3d7f847fadc:39c203206f2a7a19:a22139a31bf087aa
         2a80000   L0 0:31b58c000:30000 20000L/20000P F=1 B=71/71 cksum=5db2fa3921b22731:23f30628766583d0:e4d255be3d87d280:29f546bb68b2ebd0
         2aa0000   L0 0:31b55c000:30000 20000L/20000P F=1 B=71/71 cksum=bdcf762a2e4193a3:74f48eaa5cf596be:9088371e0b30b8ec:2950c8a7efa77b4d
         2ac0000   L0 0:31b5bc000:30000 20000L/20000P F=1 B=71/71 cksum=6af2788b9ab116b5:b045e6d06e0df1f4:f1d6d5052c16dee8:c75e3fb177fc3596
         2ae0000   L0 0:31b5ec000:30000 20000L/20000P F=1 B=71/71 cksum=aad4c595d50c9cc3:c44998d26e54471f:6ea85cb97efe3071:242bf24ec1a755d1
         2b00000   L0 0:31b61c000:30000 20000L/20000P F=1 B=71/71 cksum=5c8919fe30942397:dccf20ef97816524:6b1ee7a9c7a21336:b462b208f99b0148
         2b20000   L0 0:31b64c000:30000 20000L/20000P F=1 B=71/71 cksum=f5528d81dbda04da:90922fc461b95f26:41ddcec30282956e:35fef15e7c2d1669
         2b40000   L0 0:31b67c000:30000 20000L/20000P F=1 B=71/71 cksum=5bbe3ebe8ea12987:f4333634b968db7c:3f0194489488c5d9:f6fc0e5cf04a3f1b
         2b60000   L0 1:d8ece000:30000 20000L/20000P F=1 B=71/71 cksum=a1c08c5aa40ba5b3:cb23e1c9a131e162:37ca8cc920d4694e:2adb33876d36e8cf
         2b80000   L0 1:d8efe000:30000 20000L/20000P F=1 B=71/71 cksum=e447de4b9b6f8c66:decf2fa243c6086f:7e016b8345047878:1ae5b98c24878205
         2ba0000   L0 0:31b6ac000:30000 20000L/20000P F=1 B=71/71 cksum=2f390d7ca0586df2:a03f5f608a40b861:b8bce40f33c00319:bead7b3be5d2d875
         2bc0000   L0 0:31b6dc000:30000 20000L/20000P F=1 B=71/71 cksum=d271a0e3a8aba16f:39475d8ff0896c03:8a9f42e1dee627bd:66e993d327d361b7
         2be0000   L0 0:31b70c000:30000 20000L/20000P F=1 B=71/71 cksum=845142845b2790a0:32e99cd6e2f7e04a:a6b95300dd4d3cc7:7c6d22175cf34611
         2c00000   L0 0:31b73c000:30000 20000L/20000P F=1 B=71/71 cksum=7a58bfae8a373e83:397f7de64f7ad8a:43060052a8f27776:805c5cca4fe2a279
         2c20000   L0 0:31b76c000:30000 20000L/20000P F=1 B=71/71 cksum=5c7c4495bf5e136c:2c357c8377ad8fc0:d4f19b5d0821b46f:8f943c3bdb1b23a2
         2c40000   L0 0:31b79c000:30000 20000L/20000P F=1 B=71/71 cksum=16bcf1487c0b44a1:5848d00385c275b9:a4da50d9a258d29e:520b0678e5b2aeea
         2c60000   L0 0:31b7cc000:30000 20000L/20000P F=1 B=71/71 cksum=2259c14676ec18e8:588aa1dc091e2178:230b333721fe0695:7ea1957ce8bcb1fe
         2c80000   L0 0:31b7fc000:30000 20000L/20000P F=1 B=71/71 cksum=7269df338da6b9af:692b59e527d829b8:b257d5435a6e2328:dae99d319dc9164d
         2ca0000   L0 0:31b82c000:30000 20000L/20000P F=1 B=71/71 cksum=c831d907c8141029:9ad25159ef16ca66:bb6e78abd132b441:4b56e9b7035b2632
         2cc0000   L0 0:31b85c000:30000 20000L/20000P F=1 B=71/71 cksum=71170181a5c0be2b:90e12119160f2125:fec2d3dfd6dfd496:25ecad22f2924f93
         2ce0000   L0 0:31b88c000:30000 20000L/20000P F=1 B=71/71 cksum=4466e0e02459c659:3e542fba79bc580b:fc191544628d55c8:9d446fad7814aeec
         2d00000   L0 0:31b8bc000:30000 20000L/20000P F=1 B=71/71 cksum=f1729ab4d9b5d2c9:454ae72fc9349df6:ed2137831d0835cf:28d9b51a0542739f
         2d20000   L0 0:31b8ec000:30000 20000L/20000P F=1 B=71/71 cksum=c8f2ea7ec2a654d7:59310b1a46aa336f:bcb2ca160dfd1b8d:f0a7855622f7fd9c
         2d40000   L0 0:31b91c000:30000 20000L/20000P F=1 B=71/71 cksum=1028d325a65fc7d3:9a7181abd3a2cd6a:2f07e75a865c39f2:7343abe22ed5e567
         2d60000   L0 0:31b94c000:30000 20000L/20000P F=1 B=71/71 cksum=7bfc328984eb21ae:ce50ec9f76f38fb3:6db50d0c4dd9e2dd:2366c29ddb4b3ba5
         2d80000   L0 0:31b97c000:30000 20000L/20000P F=1 B=71/71 cksum=d80dcd3f67409998:7c62f3a8c0393b1a:2fa9a6fd7e0aa490:6ab8642326b9d77
         2da0000   L0 0:31b9ac000:30000 20000L/20000P F=1 B=71/71 cksum=a88a0da6b5b59059:bd4887bde4bf0b82:5d07b2dd632bc4ec:1ae1139373d05982
         2dc0000   L0 0:31b9dc000:30000 20000L/20000P F=1 B=71/71 cksum=9cc09b3f1cac5f6e:35c64626042a7f0e:f6bcbb8f3b8c3f0a:2988caf323c748cf
         2de0000   L0 0:31ba0c000:30000 20000L/20000P F=1 B=71/71 cksum=a35457cc182111ae:8823ea946a0ca67e:d8509b4b7ff3606e:644fd0cb9c7ad9fa
         2e00000   L0 0:31ba3c000:30000 20000L/20000P F=1 B=71/71 cksum=952f295fb16d01ab:cdfdbde21b000d15:e046cd8413ebb1dd:2b02593f44f400b0
         2e20000   L0 0:31ba6c000:30000 20000L/20000P F=1 B=71/71 cksum=856ee4082e96570e:2749d969bae288b8:bdf282f8a840311a:9881341995bfa04c
         2e40000   L0 0:31ba9c000:30000 20000L/20000P F=1 B=71/71 cksum=1a097b69ee3564b0:59f5d16782151161:c4443ce51d7986b1:222d5785867ff954
         2e60000   L0 0:31bacc000:30000 20000L/20000P F=1 B=71/71 cksum=6673cd3b0bdd82e3:a55c8514fa93c0f5:b4e569a76441406e:b5115e35f8023577
         2e80000   L0 0:31bafc000:30000 20000L/20000P F=1 B=71/71 cksum=624de9bb3a7f36f2:3634d9e991e46377:b95e981387b96ef8:c24c323571d0f562
         2ea0000   L0 1:d8f2e000:30000 20000L/20000P F=1 B=71/71 cksum=9176516c930db3a9:758d038dc81611eb:8ef587a3e4026a8c:59f0a0b2d8396b89
         2ec0000   L0 1:d8f5e000:30000 20000L/20000P F=1 B=71/71 cksum=180096d578c5ad49:3c98ed15b0009b71:c9179165986a4f2c:cf1440edbf997ad1
         2ee0000   L0 1:d8f8e000:30000 20000L/20000P F=1 B=71/71 cksum=5cfe7c3c8a02978f:9dd150ff32a0ff20:82f4cdad492827e2:a1b4f2583a72728f
         2f00000   L0 1:d8fbe000:30000 20000L/20000P F=1 B=71/71 cksum=e97eff25f5c8d386:20035dc82afc754f:422f2165e3113bbc:2e007e048cd15159
         2f20000   L0 0:31bb2c000:30000 20000L/20000P F=1 B=71/71 cksum=5ee73631dd2ee95c:44725a4d73cd4bfc:c6f4ce50ee638975:5eb00683f710eae
         2f40000   L0 0:31bb5c000:30000 20000L/20000P F=1 B=71/71 cksum=4f9781ba22ce664f:55b11d2297dafeb8:6c57c90c9bf4d592:be047e349583aa23
         2f60000   L0 0:31bb8c000:30000 20000L/20000P F=1 B=71/71 cksum=a75cd1555f3191d5:4099a825767b4c13:188207ea3ffff672:875248b6bb569afc
         2f80000   L0 0:31bbbc000:30000 20000L/20000P F=1 B=71/71 cksum=2ff0c467da83104f:d7e0ba3a2380603a:d295ff853f72bf81:33278108ceaeb7fc
         2fa0000   L0 0:31bbec000:30000 20000L/20000P F=1 B=71/71 cksum=dd08e5cd3862886a:57443785985c2383:f9c889394d850259:7db9804fb3a4e98
         2fc0000   L0 0:31bc1c000:30000 20000L/20000P F=1 B=71/71 cksum=1f97043cc066a575:4056e2161a07c06e:1fe6d08dbb0d1ef1:fe34bce103fe1fdf
         2fe0000   L0 1:d8fee000:30000 20000L/20000P F=1 B=71/71 cksum=62202919a8b6b752:d44c6a6664bacb80:dbdd0c3a384499ca:c15969d809d6b0fa
         3000000   L0 1:d901e000:30000 20000L/20000P F=1 B=71/71 cksum=2f332a5f8404043b:d7f20a9a16d55d07:b06742d594e893d6:624efd7e7b6fb242
         3020000   L0 1:d904e000:30000 20000L/20000P F=1 B=71/71 cksum=5151e342a0d5256c:5c4c16666ee6d3ec:fee713f454c7f306:833954014d4a9ab2
         3040000   L0 0:31bc7c000:30000 20000L/20000P F=1 B=71/71 cksum=a37e9aafae0453a2:bcde749d81a76f6c:279b237435d9d4ed:a6948ade276cc456
         3060000   L0 1:d907e000:30000 20000L/20000P F=1 B=71/71 cksum=ca092144fa8a1790:15bce0e15f47dadb:1c418101ebda3ffc:a3cc9cd5d796f971
         3080000   L0 0:31bc4c000:30000 20000L/20000P F=1 B=71/71 cksum=f381c436a94d649d:86ba96d78496dece:cfd8d08b846a9109:be1249440f8d2880
         30a0000   L0 0:31bcac000:30000 20000L/20000P F=1 B=71/71 cksum=7a97b12950a5ccf4:1f4416b9211351a7:6fb7930f992bc435:aa32927937b902a9
         30c0000   L0 0:31bcdc000:30000 20000L/20000P F=1 B=71/71 cksum=647519d9707a218b:8240a7ac0f9d9b1b:12266bee274b38f9:8127b45df24d5d74
         30e0000   L0 1:d90ae000:30000 20000L/20000P F=1 B=71/71 cksum=7d93f2b51fd83987:a07e0bc7c851c4e8:7edde0ebde1eddbc:9868cc56a1c7f7e2
         3100000   L0 1:d90de000:30000 20000L/20000P F=1 B=71/71 cksum=a017f2968a98b014:4a6faec54184d23d:d77b3c1ead92a9fe:d512b900ad78fa14
         3120000   L0 1:d910e000:30000 20000L/20000P F=1 B=71/71 cksum=c9c111d4e76bddf7:be5bad9a99fe1ae1:d53009c27af2729:5d54b0206e3eec54
         3140000   L0 1:d913e000:30000 20000L/20000P F=1 B=71/71 cksum=1abba70e5419f75b:3d5bbfb6e7de612b:7656e717adfd6e5c:6bc25982eb57ee48
         3160000   L0 0:31bd0c000:30000 20000L/20000P F=1 B=71/71 cksum=2ec0fd9eccc0735d:be6fe1093af45026:231f26190e55c186:b66d6fdfce5d0266
         3180000   L0 0:31bd3c000:30000 20000L/20000P F=1 B=71/71 cksum=2a49a1cd5f821f02:efecc754518284f2:6c1d3c18f8a8fd9a:a718acfcc7c21538
         31a0000   L0 0:31bd6c000:30000 20000L/20000P F=1 B=71/71 cksum=a4175fd35c8f0510:d0520cae9038e140:5017b3ec3994d855:7458447bf78cd569
         31c0000   L0 0:31bd9c000:30000 20000L/20000P F=1 B=71/71 cksum=629557ab9d5998ca:fd3f3ecbb6beafc4:5efd1ad067538a3e:2fdeba2319d8f0d1
         31e0000   L0 0:31bdcc000:30000 20000L/20000P F=1 B=71/71 cksum=d12bf254b6a25961:7b466fc5c7c3c53a:765e5fbbdd924d5d:68357481001d10db
         3200000   L0 0:31bdfc000:30000 20000L/20000P F=1 B=71/71 cksum=63caa47863e4fa77:f41732b283ad6873:13419de1bbfed9d:604a8fa914b38faf
         3220000   L0 0:31be2c000:30000 20000L/20000P F=1 B=71/71 cksum=8cb496e0a06f4988:bc0d0735eb6f4b3f:a319c588b35c23f9:fd8815a286fa5172
         3240000   L0 0:31be5c000:30000 20000L/20000P F=1 B=71/71 cksum=440fa5c3e8dd1944:ca96aacab8c7799:a7fa833377106d5:1cf8e0318b4f0046
         3260000   L0 1:d916e000:30000 20000L/20000P F=1 B=71/71 cksum=a67c4468fa40dfde:66a44870cf741ae0:8552363cc7418d11:328bd9518f83dd5c
         3280000   L0 1:d919e000:30000 20000L/20000P F=1 B=71/71 cksum=c4306cbf668f9a0e:c6783d464bbd11ce:9631646826443a5:be108001cd8a947b
         32a0000   L0 0:31be8c000:30000 20000L/20000P F=1 B=71/71 cksum=5aaa1caf0fec9da0:3bce7bd405d4eb0d:30bd3cb403726d3f:12ab2b6143725a8f
         32c0000   L0 0:31bebc000:30000 20000L/20000P F=1 B=71/71 cksum=2125c2d666fb41a:7e79698f0c90d605:cecb576df5635179:c497623e8ffe2444
         32e0000   L0 0:31beec000:30000 20000L/20000P F=1 B=71/71 cksum=169626fa7a583ed4:b7c36096e95090ac:e73d25437c5daff2:7d6a8f97112892a
         3300000   L0 0:31bf1c000:30000 20000L/20000P F=1 B=71/71 cksum=87ec9231422298e6:cca2f31be7364433:a16e92ac091fa15c:3fe6ec900013e4f9
         3320000   L0 0:31bf4c000:30000 20000L/20000P F=1 B=71/71 cksum=74d79c32f36dba3:76725e703797fd0f:bf4559b6b57e9783:ac89c1c6f7c32b67
         3340000   L0 0:31bf7c000:30000 20000L/20000P F=1 B=71/71 cksum=f5419a49564c1216:197e3154c401c458:73377d08a966dfc5:339646975fe72f6a
         3360000   L0 0:31bfac000:30000 20000L/20000P F=1 B=71/71 cksum=b57080066fe504cb:6d8af54dcb873051:f5ae429f80ffef43:bfd223cff3bab383
         3380000   L0 0:31bfdc000:30000 20000L/20000P F=1 B=71/71 cksum=cbcb2150d8996c8f:5efc9cd607f8627a:84ef98050ed2c9d0:9c9731e6af566244
         33a0000   L0 0:31c00c000:30000 20000L/20000P F=1 B=71/71 cksum=bee3bd0ea785338:4d86038e6c54f156:2d3a74d924f76c35:f0b14725fa790dfc
         33c0000   L0 0:31c03c000:30000 20000L/20000P F=1 B=71/71 cksum=f8456d19736cfd61:3f949fec6bc0cab1:efb775c639c8383e:bd38debd0fb0ef1a
         33e0000   L0 0:31c06c000:30000 20000L/20000P F=1 B=71/71 cksum=d28d29d771691a19:de83b15f7ab47e86:787101df625b4ca5:6b8219e142fc1609
         3400000   L0 0:31c09c000:30000 20000L/20000P F=1 B=71/71 cksum=4771d0b014c2a366:d04f0cfb2911637:4965fa32bb421df6:c3ff68f1c7710950
         3420000   L0 0:31c0cc000:30000 20000L/20000P F=1 B=71/71 cksum=9a451e00c5005407:c2671fb33bc4fee1:315012f16aff70c1:bffa7f19ba493807
         3440000   L0 0:31c0fc000:30000 20000L/20000P F=1 B=71/71 cksum=28ea26f98e122922:3520ef1b373c39df:a6a1b832766ee268:96da9a41d1a679b2
         3460000   L0 0:31c12c000:30000 20000L/20000P F=1 B=71/71 cksum=4aaa064d47191c5e:fe079bf21474cbf3:b7c41ff537b048b3:e3f49945f04b21c8
         3480000   L0 0:31c15c000:30000 20000L/20000P F=1 B=71/71 cksum=ba65dd8b001f0e7a:db9d1a0c1c518033:9946497ab315d64b:c19eb781c53ddf55
         34a0000   L0 1:d91ce000:30000 20000L/20000P F=1 B=71/71 cksum=a964d76a7eecc28e:bd6e027bfd9c1a9c:a6732a22e561b1e9:7a99201745438dc0
         34c0000   L0 1:d91fe000:30000 20000L/20000P F=1 B=71/71 cksum=13459b47f1b22acf:562d15b41c040aa8:dfa69fb954e72bcc:9dd9060fceab633f
         34e0000   L0 0:31c18c000:30000 20000L/20000P F=1 B=71/71 cksum=a353af9fdf35fa17:3ac8d992651db17d:ae5e95ba9b064ad3:f0f3e737b2da40e2
         3500000   L0 0:31c1bc000:30000 20000L/20000P F=1 B=71/71 cksum=6253543d72e83048:136f239d2ad39c96:6266391e7f7178cc:8a0a39d407eecdcf
         3520000   L0 0:31c1ec000:30000 20000L/20000P F=1 B=71/71 cksum=d9f9ade6211c0bdf:260c1a07587a936b:7925d1ac82a8d1e:599e12b5986d1844
         3540000   L0 0:31c21c000:30000 20000L/20000P F=1 B=71/71 cksum=2847f6254a4e1274:89b87d3de1f985d4:78a1081f5b7a69d:a09df90df1581548
         3560000   L0 0:31c24c000:30000 20000L/20000P F=1 B=71/71 cksum=4f7ff91dcc50d0f5:fb93ade9821d5408:ac20110a1683444a:e58987449a2c07e4
         3580000   L0 0:31c27c000:30000 20000L/20000P F=1 B=71/71 cksum=e4c2826480c8cec:40e5918f308af384:8025d1f1aa1f1ecc:cf01b05c6a2b1fac
         35a0000   L0 0:31c2ac000:30000 20000L/20000P F=1 B=71/71 cksum=a11e08d6243ff470:8d1475add2e2bbb6:872ca108c2c870ee:30e2e20c5e63608e
         35c0000   L0 0:31c2dc000:30000 20000L/20000P F=1 B=71/71 cksum=7b8f6ed5e898512f:e5f6179c5a49daa6:40cd0e42f4e0fba6:fecc874b05e9e42
         35e0000   L0 0:31c30c000:30000 20000L/20000P F=1 B=71/71 cksum=553a240eeb97f225:ecfd7a3c0569fa1:86a09c46c89905e8:eab60c458b194637
         3600000   L0 0:31c33c000:30000 20000L/20000P F=1 B=71/71 cksum=f554a707208af3eb:4646b0009719d627:c0a1c86e8bef2444:34694bc104b9291f
         3620000   L0 0:31c36c000:30000 20000L/20000P F=1 B=71/71 cksum=29b554278fb77070:26362abe04a835a5:b3d622f446f11a83:db4dd4c31a080a18
         3640000   L0 0:31c39c000:30000 20000L/20000P F=1 B=71/71 cksum=86ae8d3400cb9ea6:c8071698daa083d3:52c303ace6eaa08e:d8debf645d5af2f0
         3660000   L0 0:31c3cc000:30000 20000L/20000P F=1 B=71/71 cksum=87b1ad679512110d:97bcac1ae49b8964:b44f2ecde4b3c0ec:86419b4a01b00bc0
         3680000   L0 0:31c3fc000:30000 20000L/20000P F=1 B=71/71 cksum=d477b1b126c1e99e:2e94a50553392ec1:cab90f68241a2f7c:debf9f8de528bb7
         36a0000   L0 0:31c42c000:30000 20000L/20000P F=1 B=71/71 cksum=845c7cfbf1487423:58d2e5282c9c8b17:596f4bed33e33735:94ad1e8995c2355d
         36c0000   L0 0:31c45c000:30000 20000L/20000P F=1 B=71/71 cksum=d24ed768734bac57:da5b6f7e8adccf61:cc2a3c74e1be3ee8:22b6acd151003eac
         36e0000   L0 0:31c48c000:30000 20000L/20000P F=1 B=71/71 cksum=2304732c39e82d90:f4ab0659be8d39f0:7bb9c5f953ff2a80:335e5771761dfd5a
         3700000   L0 0:31c4bc000:30000 20000L/20000P F=1 B=71/71 cksum=eac00e86a6220175:3d637985d191eb67:af56b0bbea81866:2745b934cd11d0dd
         3720000   L0 0:31c4ec000:30000 20000L/20000P F=1 B=71/71 cksum=8bf91812f373c0e7:e2704dcaf198b1c0:cbceb0483ce4535f:fd1a45c2ff125f5f
         3740000   L0 0:31c51c000:30000 20000L/20000P F=1 B=71/71 cksum=8d161553666cc252:f169e6d5266b01c1:b58a8bfc87955d3d:61d5ba919a2ea826
         3760000   L0 0:31c57c000:30000 20000L/20000P F=1 B=71/71 cksum=164c8e0e8639cea1:44d049826f50bf95:49b60b481d72e821:76481424e26d71cc
         3780000   L0 0:31c54c000:30000 20000L/20000P F=1 B=71/71 cksum=11db0cdc9b4c8b7a:2346211e3a4886f1:a5a9c8fa0139b817:1f85121d148dff05
         37a0000   L0 0:31c5ac000:30000 20000L/20000P F=1 B=71/71 cksum=3572ac1ac28ec814:1caad5649a79200:eeb57480a7bdc03c:58eeaf50f9f36aa
         37c0000   L0 0:31c5dc000:30000 20000L/20000P F=1 B=71/71 cksum=d70b0fefcb416317:b43f355bf0bc0aac:7e4f7ae21d8ab15b:f50762d81610feb3
         37e0000   L0 1:d922e000:30000 20000L/20000P F=1 B=71/71 cksum=dd15b5870350d5b3:55f223b2ef82405c:2ee06e692ac0c33f:6c2db064615b34af
         3800000   L0 1:d925e000:30000 20000L/20000P F=1 B=71/71 cksum=69cafc478d1d06a6:485ec8a4302cdf36:238af37c37dc3e59:daf6d258db37af00
         3820000   L0 0:31c60c000:30000 20000L/20000P F=1 B=71/71 cksum=55ebf89ab2fa001d:88b37ad40fae4859:8ccc226f5958ed63:b094136f494ea14
         3840000   L0 0:31c63c000:30000 20000L/20000P F=1 B=71/71 cksum=58f98692990f4ea9:8689b77620c633e2:fbdce41c6134d85e:305c6f87cd14ab49
         3860000   L0 0:31c66c000:30000 20000L/20000P F=1 B=71/71 cksum=c0955b59a8b7f4d:69f38f690ca44816:32cc8f836b097d64:2f85c095b8274fd
         3880000   L0 0:31c69c000:30000 20000L/20000P F=1 B=71/71 cksum=7bf0e4be6b8c8503:52976753f01b5e3e:eb98873aa57ef35e:4bd3b402b4cb1fc6
         38a0000   L0 0:31c6cc000:30000 20000L/20000P F=1 B=71/71 cksum=1b28d7487e3d187b:e3b37cdeeb6fb953:5097d2973e1298a7:9c3ec3b78182d669
         38c0000   L0 0:31c6fc000:30000 20000L/20000P F=1 B=71/71 cksum=a00d6b626c9965eb:9e6fe0e694fdf2b4:916d0def6bd9c2d6:c18d348dcea9cd4d
         38e0000   L0 0:31c72c000:30000 20000L/20000P F=1 B=71/71 cksum=1ea395c1fac32bad:dab246b4f6b7e67b:12dfeaaf45b86359:2baa2ef87e8c1f59
         3900000   L0 0:31c75c000:30000 20000L/20000P F=1 B=71/71 cksum=3b73eaa0084b554d:5aeaa491ca5c0abe:ccd782409ab42e71:1e712d896edebfdb
         3920000   L0 0:31c78c000:30000 20000L/20000P F=1 B=71/71 cksum=17a5e1a29e84d3f8:ee5e2cc821ea688:4b5a8102bc419306:28f2285ba6c852f3
         3940000   L0 0:31c7bc000:30000 20000L/20000P F=1 B=71/71 cksum=ddb94650571455de:9ebb3904a95ebdf4:a56e1e942a5a8d84:159bdf341f71c30a
         3960000   L0 0:31c7ec000:30000 20000L/20000P F=1 B=71/71 cksum=cf3695a8353f4699:e95bf5e94e77c5d4:1331a8cdd1a619f2:b6b513b6e01a99ec
         3980000   L0 0:31c81c000:30000 20000L/20000P F=1 B=71/71 cksum=43368bb5b12a8032:b48f878aff7f20ac:f76d33e1c45ba7ef:b15f73006c010bde
         39a0000   L0 0:31c84c000:30000 20000L/20000P F=1 B=71/71 cksum=a0077f63289ab501:4047a005c65679e1:81a8ac1282cfbaee:5bffb442fa12d797
         39c0000   L0 0:31c87c000:30000 20000L/20000P F=1 B=71/71 cksum=16941f579073f31e:69becb3472db9458:1b74757596f681:4ce53a50fc312f39
         39e0000   L0 0:31c8ac000:30000 20000L/20000P F=1 B=71/71 cksum=8a2fbdb4106d8798:be67efd957219234:3e9909ed1b577429:a8f80fd7ff685609
         3a00000   L0 0:31c8dc000:30000 20000L/20000P F=1 B=71/71 cksum=6f7a65d59de4585e:3cd1475a827db8b4:dd41647741ff0ae7:de23eb3dadfa17ca
         3a20000   L0 1:d928e000:30000 20000L/20000P F=1 B=71/71 cksum=6521c1995191bf0:fc11caebc46648ca:fbe9fc3b9d2f4d23:a2883017cbf73693
         3a40000   L0 1:d92be000:30000 20000L/20000P F=1 B=71/71 cksum=bc993782d9599dd0:ff2f818c129e5507:f3b89688c24a0905:8f964910d9917995
         3a60000   L0 0:31c90c000:30000 20000L/20000P F=1 B=71/71 cksum=fc66562b7b805f9:45bb8101b6b1dc17:a592d26eb83db9ee:5e5b88b2b61f5fa6
         3a80000   L0 0:31c93c000:30000 20000L/20000P F=1 B=71/71 cksum=9e8ae916f8a6d58a:815b92596da12990:b1ab5f761e549cd2:bfeff805dc4fd5a9
         3aa0000   L0 0:31c96c000:30000 20000L/20000P F=1 B=71/71 cksum=c05c14383332b2b4:9f637f7612df37c5:bf3c6cb7a883c97:8d0653c7604e13af
         3ac0000   L0 0:31c99c000:30000 20000L/20000P F=1 B=71/71 cksum=afa06b313c33f798:fa20f9546187352c:e0f368798aea266:2889f8aee009349
         3ae0000   L0 0:31c9cc000:30000 20000L/20000P F=1 B=71/71 cksum=785d936e9bff10f6:d49e908a33cd8a0d:aaf9c27f371f0d2:9f4b7e151a7849c4
         3b00000   L0 0:31c9fc000:30000 20000L/20000P F=1 B=71/71 cksum=e1d5ec446cc3917e:1db3e2d55b498ce4:2b4382a6bc6f69ec:31c2f3659a4cc6ce
         3b20000   L0 0:31ca2c000:30000 20000L/20000P F=1 B=71/71 cksum=105f61d3f4a0aa8b:804d70cae03a3f21:7c89a6e95e255079:628b955fdb77028e
         3b40000   L0 0:31ca5c000:30000 20000L/20000P F=1 B=71/71 cksum=2693b02025b15e25:59b1a048e73c6028:5306c79ce17b2e0a:ce6e4dd820c90531
         3b60000   L0 0:31ca8c000:30000 20000L/20000P F=1 B=71/71 cksum=e923a75ff8dfe0d5:23d7e41586ec7194:2c16702c5e012a77:2706024c3396a9d7
         3b80000   L0 0:31cabc000:30000 20000L/20000P F=1 B=71/71 cksum=1ed4c4fcba8eb802:7f1fef2475b876f0:7bcb6d49155f7eec:ed940c636287f042
         3ba0000   L0 0:31caec000:30000 20000L/20000P F=1 B=71/71 cksum=7ab01dfd3a1e5228:f571e0ecbaf5d0fe:cd0263fc0905a7b9:36cdc2dc23dcd72
         3bc0000   L0 0:31cb1c000:30000 20000L/20000P F=1 B=71/71 cksum=2f41bf4b1b8800fe:70c31893c8f2af38:4e36e78052993972:1a20656a274eb048
         3be0000   L0 0:31cb4c000:30000 20000L/20000P F=1 B=71/71 cksum=43114c1ec0fcef76:f671f5ec9d5d4c70:8f47deb5f569eeb9:714fff30eaa47461
         3c00000   L0 0:31cb7c000:30000 20000L/20000P F=1 B=71/71 cksum=d6c188b2c5bca2c3:9df8db90e66cd0ad:f8cc1ce5efe209e2:bae27adffcc5cbb3
         3c20000   L0 0:31cbac000:30000 20000L/20000P F=1 B=71/71 cksum=37b09fc21c3d9c18:d36440df2a136496:ea2d4e788d066f54:f4bea221d2acbf53
         3c40000   L0 0:31cbdc000:30000 20000L/20000P F=1 B=71/71 cksum=986a5cdbd195532c:68e247596c80feb9:45d623386d71fae4:a178e2b24af3bc4b
         3c60000   L0 1:d92ee000:30000 20000L/20000P F=1 B=71/71 cksum=494323cacb722020:e4cfa8c56adfb7af:8a5210216507e70:eb9e18e58f843514
         3c80000   L0 1:d931e000:30000 20000L/20000P F=1 B=71/71 cksum=84eda51c6d9d55b0:153720dd1c00ab61:e430e3b09a6843e2:d791150829c6120c
         3ca0000   L0 0:31cc0c000:30000 20000L/20000P F=1 B=71/71 cksum=f5f80d439dd5e899:67915794ba213ec4:6b3de3c998a57332:216fef925904d88a
         3cc0000   L0 0:31cc3c000:30000 20000L/20000P F=1 B=71/71 cksum=7ee8ac524123fbd5:8feb4af48ffa8a41:eaabac4cb2310565:7ec1be52095715d0
         3ce0000   L0 0:31cc6c000:30000 20000L/20000P F=1 B=71/71 cksum=d599b4576f27b12e:9b175c0c24ee361c:430d3df92da7be0a:e5e9f65f350203c3
         3d00000   L0 0:31cc9c000:30000 20000L/20000P F=1 B=71/71 cksum=3300d3f9bc35f51:266594124be7ba5a:963aefad9208da98:c4243b071de289c8
         3d20000   L0 0:31cccc000:30000 20000L/20000P F=1 B=71/71 cksum=600623ab7e2dcb22:e0e248c7bb12b54b:dd2eca502b2c55ac:94123dee157dc698
         3d40000   L0 0:31ccfc000:30000 20000L/20000P F=1 B=71/71 cksum=239655e221e09203:3e249a8c31aa23e0:8ee99a31926fb882:802ea641a87651f7
         3d60000   L0 0:31cd2c000:30000 20000L/20000P F=1 B=71/71 cksum=4a6d3307185c1664:933c96a90aa393c2:b2bf261f13249e9d:8ba868ecae97aa7d
         3d80000   L0 0:31cd5c000:30000 20000L/20000P F=1 B=71/71 cksum=77f9d0d9897682ed:22f6d331357fd89f:7d55de212e3360b9:83b0164ba68cab45
         3da0000   L0 0:31cd8c000:30000 20000L/20000P F=1 B=71/71 cksum=ea191f198eba1eef:41a0fee3219db871:3d265e20202597e0:a3bde6a62091cb8e
         3dc0000   L0 0:31cdbc000:30000 20000L/20000P F=1 B=71/71 cksum=b1551fc6e58a1ca4:21fa36a8d2fe10e4:2b6bbea738d5a678:257fd1266ac1296e
         3de0000   L0 0:31cdec000:30000 20000L/20000P F=1 B=71/71 cksum=1a5e57139f1668c5:d078af10bd692316:f4f1a4f8c1f1129a:c80241b4915ae501
         3e00000   L0 0:31ce1c000:30000 20000L/20000P F=1 B=71/71 cksum=98eab75e13b77f5d:b40eb5986d0de3eb:6bcc3bbc94296938:3eab9e661bd5053b
